c:\devlib\gdal-3.2.1\x64\release\gdal.pdb
c:\devlib\gdal-3.2.1\x64\release\gdalpansharpen.obj
c:\devlib\gdal-3.2.1\x64\release\gdalmediancut.obj
c:\devlib\gdal-3.2.1\x64\release\gdalmatching.obj
c:\devlib\gdal-3.2.1\x64\release\gdallinearsystem.obj
c:\devlib\gdal-3.2.1\x64\release\gdalgrid.obj
c:\devlib\gdal-3.2.1\x64\release\gdalgeoloc.obj
c:\devlib\gdal-3.2.1\x64\release\gdaldither.obj
c:\devlib\gdal-3.2.1\x64\release\gdalcutline.obj
c:\devlib\gdal-3.2.1\x64\release\gdalchecksum.obj
c:\devlib\gdal-3.2.1\x64\release\gdalapplyverticalshiftgrid.obj
c:\devlib\gdal-3.2.1\x64\release\contour.obj
c:\devlib\gdal-3.2.1\x64\release\ogr2ogr_lib.obj
c:\devlib\gdal-3.2.1\x64\release\gdal_translate_lib.obj
c:\devlib\gdal-3.2.1\x64\release\gdal_rasterize_lib.obj
c:\devlib\gdal-3.2.1\x64\release\gdal_grid_lib.obj
c:\devlib\gdal-3.2.1\x64\release\gdalwarp_lib.obj
c:\devlib\gdal-3.2.1\x64\release\gdalmdiminfo_lib.obj
c:\devlib\gdal-3.2.1\x64\release\gdalinfo_lib.obj
c:\devlib\gdal-3.2.1\x64\release\gdalbuildvrt_lib.obj
c:\devlib\gdal-3.2.1\x64\release\commonutils.obj
c:\devlib\gdal-3.2.1\x64\release\thinplatespline.obj
c:\devlib\gdal-3.2.1\x64\release\rasterfill.obj
c:\devlib\gdal-3.2.1\x64\release\polygonize.obj
c:\devlib\gdal-3.2.1\x64\release\llrasterize.obj
c:\devlib\gdal-3.2.1\x64\release\gdal_tps.obj
c:\devlib\gdal-3.2.1\x64\release\gdal_simplesurf.obj
c:\devlib\gdal-3.2.1\x64\release\gdal_rpc.obj
c:\devlib\gdal-3.2.1\x64\release\gdal_octave.obj
c:\devlib\gdal-3.2.1\x64\release\gdal_crs.obj
c:\devlib\gdal-3.2.1\x64\release\gdalwarpoperation.obj
c:\devlib\gdal-3.2.1\x64\release\gdalwarpkernel_opencl.obj
c:\devlib\gdal-3.2.1\x64\release\gdalwarpkernel.obj
c:\devlib\gdal-3.2.1\x64\release\gdalwarper.obj
c:\devlib\gdal-3.2.1\x64\release\gdaltransformgeolocs.obj
c:\devlib\gdal-3.2.1\x64\release\gdaltransformer.obj
c:\devlib\gdal-3.2.1\x64\release\gdalsimplewarp.obj
c:\devlib\gdal-3.2.1\x64\release\gdalsievefilter.obj
c:\devlib\gdal-3.2.1\x64\release\gdalrasterpolygonenumerator.obj
c:\devlib\gdal-3.2.1\x64\release\gdalrasterize.obj
c:\devlib\gdal-3.2.1\x64\release\gdalproximity.obj
c:\devlib\gdal-3.2.1\x64\release\hfadataset.obj
c:\devlib\gdal-3.2.1\x64\release\hfacompress.obj
c:\devlib\gdal-3.2.1\x64\release\hfaband.obj
c:\devlib\gdal-3.2.1\x64\release\hf2dataset.obj
c:\devlib\gdal-3.2.1\x64\release\tifvsi.obj
c:\devlib\gdal-3.2.1\x64\release\gt_wkt_srs.obj
c:\devlib\gdal-3.2.1\x64\release\gt_overview.obj
c:\devlib\gdal-3.2.1\x64\release\gt_jpeg_copy.obj
c:\devlib\gdal-3.2.1\x64\release\gt_citation.obj
c:\devlib\gdal-3.2.1\x64\release\geotiff.obj
c:\devlib\gdal-3.2.1\x64\release\cogdriver.obj
c:\devlib\gdal-3.2.1\x64\release\e00griddataset.obj
c:\devlib\gdal-3.2.1\x64\release\deriveddataset.obj
c:\devlib\gdal-3.2.1\x64\release\ctgdataset.obj
c:\devlib\gdal-3.2.1\x64\release\bmpdataset.obj
c:\devlib\gdal-3.2.1\x64\release\aigdataset.obj
c:\devlib\gdal-3.2.1\x64\release\srpdataset.obj
c:\devlib\gdal-3.2.1\x64\release\adrgdataset.obj
c:\devlib\gdal-3.2.1\x64\release\gdalallregister.obj
c:\devlib\gdal-3.2.1\x64\release\viewshed.obj
c:\devlib\gdal-3.2.1\x64\release\nitfaridpcm.obj
c:\devlib\gdal-3.2.1\x64\release\ecrgtocdataset.obj
c:\devlib\gdal-3.2.1\x64\release\ngsgeoiddataset.obj
c:\devlib\gdal-3.2.1\x64\release\memdataset.obj
c:\devlib\gdal-3.2.1\x64\release\vsidataio_12.obj
c:\devlib\gdal-3.2.1\x64\release\vsidataio.obj
c:\devlib\gdal-3.2.1\x64\release\jpgdataset_12.obj
c:\devlib\gdal-3.2.1\x64\release\jpgdataset.obj
c:\devlib\gdal-3.2.1\x64\release\ddfutils.obj
c:\devlib\gdal-3.2.1\x64\release\ddfsubfielddefn.obj
c:\devlib\gdal-3.2.1\x64\release\ddfrecord.obj
c:\devlib\gdal-3.2.1\x64\release\ddfmodule.obj
c:\devlib\gdal-3.2.1\x64\release\ddffielddefn.obj
c:\devlib\gdal-3.2.1\x64\release\ddffield.obj
c:\devlib\gdal-3.2.1\x64\release\hfa_overviews.obj
c:\devlib\gdal-3.2.1\x64\release\hfatype.obj
c:\devlib\gdal-3.2.1\x64\release\hfaopen.obj
c:\devlib\gdal-3.2.1\x64\release\hfafield.obj
c:\devlib\gdal-3.2.1\x64\release\hfaentry.obj
c:\devlib\gdal-3.2.1\x64\release\hfadictionary.obj
c:\devlib\gdal-3.2.1\x64\release\sdtsrasterreader.obj
c:\devlib\gdal-3.2.1\x64\release\sdtspolygonreader.obj
c:\devlib\gdal-3.2.1\x64\release\sdtspointreader.obj
c:\devlib\gdal-3.2.1\x64\release\sdtslinereader.obj
c:\devlib\gdal-3.2.1\x64\release\sdtslib.obj
c:\devlib\gdal-3.2.1\x64\release\sdtsiref.obj
c:\devlib\gdal-3.2.1\x64\release\sdtsindexedreader.obj
c:\devlib\gdal-3.2.1\x64\release\sdtsdataset.obj
c:\devlib\gdal-3.2.1\x64\release\sdtscatd.obj
c:\devlib\gdal-3.2.1\x64\release\sdtsattrreader.obj
c:\devlib\gdal-3.2.1\x64\release\pngdataset.obj
c:\devlib\gdal-3.2.1\x64\release\nulldataset.obj
c:\devlib\gdal-3.2.1\x64\release\rpftocfile.obj
c:\devlib\gdal-3.2.1\x64\release\rpftocdataset.obj
c:\devlib\gdal-3.2.1\x64\release\nitf_gcprpc.obj
c:\devlib\gdal-3.2.1\x64\release\nitfwritejpeg_12.obj
c:\devlib\gdal-3.2.1\x64\release\nitfwritejpeg.obj
c:\devlib\gdal-3.2.1\x64\release\nitfrasterband.obj
c:\devlib\gdal-3.2.1\x64\release\nitfdataset.obj
c:\devlib\gdal-3.2.1\x64\release\nitfbilevel.obj
c:\devlib\gdal-3.2.1\x64\release\vrtwarped.obj
c:\devlib\gdal-3.2.1\x64\release\vrtsources.obj
c:\devlib\gdal-3.2.1\x64\release\vrtsourcedrasterband.obj
c:\devlib\gdal-3.2.1\x64\release\vrtrawrasterband.obj
c:\devlib\gdal-3.2.1\x64\release\vrtrasterband.obj
c:\devlib\gdal-3.2.1\x64\release\vrtpansharpened.obj
c:\devlib\gdal-3.2.1\x64\release\vrtmultidim.obj
c:\devlib\gdal-3.2.1\x64\release\vrtfilters.obj
c:\devlib\gdal-3.2.1\x64\release\vrtdriver.obj
c:\devlib\gdal-3.2.1\x64\release\vrtderivedrasterband.obj
c:\devlib\gdal-3.2.1\x64\release\vrtdataset.obj
c:\devlib\gdal-3.2.1\x64\release\pixelfunctions.obj
c:\devlib\gdal-3.2.1\x64\release\usgsdem_create.obj
c:\devlib\gdal-3.2.1\x64\release\usgsdemdataset.obj
c:\devlib\gdal-3.2.1\x64\release\tgadataset.obj
c:\devlib\gdal-3.2.1\x64\release\srtmhgtdataset.obj
c:\devlib\gdal-3.2.1\x64\release\sigdemdataset.obj
c:\devlib\gdal-3.2.1\x64\release\sentinel2dataset.obj
c:\devlib\gdal-3.2.1\x64\release\sdtsxref.obj
c:\devlib\gdal-3.2.1\x64\release\sdtstransfer.obj
c:\devlib\gdal-3.2.1\x64\release\gdalmajorobject.obj
c:\devlib\gdal-3.2.1\x64\release\gdaljp2structure.obj
c:\devlib\gdal-3.2.1\x64\release\gdaljp2metadatagenerator.obj
c:\devlib\gdal-3.2.1\x64\release\gdaljp2metadata.obj
c:\devlib\gdal-3.2.1\x64\release\gdaljp2box.obj
c:\devlib\gdal-3.2.1\x64\release\gdaljp2abstractdataset.obj
c:\devlib\gdal-3.2.1\x64\release\gdalhashsetbandblockcache.obj
c:\devlib\gdal-3.2.1\x64\release\gdalgeorefpamdataset.obj
c:\devlib\gdal-3.2.1\x64\release\gdalexif.obj
c:\devlib\gdal-3.2.1\x64\release\gdaldrivermanager.obj
c:\devlib\gdal-3.2.1\x64\release\gdaldriver.obj
c:\devlib\gdal-3.2.1\x64\release\gdaldllmain.obj
c:\devlib\gdal-3.2.1\x64\release\gdaldefaultoverviews.obj
c:\devlib\gdal-3.2.1\x64\release\gdaldefaultasync.obj
c:\devlib\gdal-3.2.1\x64\release\gdaldataset.obj
c:\devlib\gdal-3.2.1\x64\release\gdalcolortable.obj
c:\devlib\gdal-3.2.1\x64\release\gdalarraybandblockcache.obj
c:\devlib\gdal-3.2.1\x64\release\gdalallvalidmaskband.obj
c:\devlib\gdal-3.2.1\x64\release\gdalabstractbandblockcache.obj
c:\devlib\gdal-3.2.1\x64\release\xyzdataset.obj
c:\devlib\gdal-3.2.1\x64\release\gdal_rat.obj
c:\devlib\gdal-3.2.1\x64\release\gdal_misc.obj
c:\devlib\gdal-3.2.1\x64\release\gdal_mdreader.obj
c:\devlib\gdal-3.2.1\x64\release\gdalvirtualmem.obj
c:\devlib\gdal-3.2.1\x64\release\gdalrescaledalphaband.obj
c:\devlib\gdal-3.2.1\x64\release\gdalrasterblock.obj
c:\devlib\gdal-3.2.1\x64\release\gdalrasterband.obj
c:\devlib\gdal-3.2.1\x64\release\gdalpythondriverloader.obj
c:\devlib\gdal-3.2.1\x64\release\gdalpython.obj
c:\devlib\gdal-3.2.1\x64\release\gdalproxypool.obj
c:\devlib\gdal-3.2.1\x64\release\gdalproxydataset.obj
c:\devlib\gdal-3.2.1\x64\release\gdalpamrasterband.obj
c:\devlib\gdal-3.2.1\x64\release\gdalpamproxydb.obj
c:\devlib\gdal-3.2.1\x64\release\gdalpamdataset.obj
c:\devlib\gdal-3.2.1\x64\release\gdaloverviewdataset.obj
c:\devlib\gdal-3.2.1\x64\release\gdalopeninfo.obj
c:\devlib\gdal-3.2.1\x64\release\gdalnodatavaluesmaskband.obj
c:\devlib\gdal-3.2.1\x64\release\gdalnodatamaskband.obj
c:\devlib\gdal-3.2.1\x64\release\gdalmultidomainmetadata.obj
c:\devlib\gdal-3.2.1\x64\release\gdalmultidim.obj
c:\devlib\gdal-3.2.1\x64\release\ogr2gmlgeometry.obj
c:\devlib\gdal-3.2.1\x64\release\gml2ogrgeometry.obj
c:\devlib\gdal-3.2.1\x64\release\reader_spot.obj
c:\devlib\gdal-3.2.1\x64\release\reader_rdk1.obj
c:\devlib\gdal-3.2.1\x64\release\reader_rapid_eye.obj
c:\devlib\gdal-3.2.1\x64\release\reader_pleiades.obj
c:\devlib\gdal-3.2.1\x64\release\reader_orb_view.obj
c:\devlib\gdal-3.2.1\x64\release\reader_landsat.obj
c:\devlib\gdal-3.2.1\x64\release\reader_kompsat.obj
c:\devlib\gdal-3.2.1\x64\release\reader_geo_eye.obj
c:\devlib\gdal-3.2.1\x64\release\reader_eros.obj
c:\devlib\gdal-3.2.1\x64\release\reader_digital_globe.obj
c:\devlib\gdal-3.2.1\x64\release\reader_alos.obj
c:\devlib\gdal-3.2.1\x64\release\tilematrixset.obj
c:\devlib\gdal-3.2.1\x64\release\rawdataset.obj
c:\devlib\gdal-3.2.1\x64\release\rasterio_ssse3.obj
c:\devlib\gdal-3.2.1\x64\release\rasterio.obj
c:\devlib\gdal-3.2.1\x64\release\overview.obj
c:\devlib\gdal-3.2.1\x64\release\nasakeywordhandler.obj
c:\devlib\gdal-3.2.1\x64\release\gdal_thread_pool.obj
c:\devlib\gdal-3.2.1\x64\release\ogrlinestring.obj
c:\devlib\gdal-3.2.1\x64\release\ogrlinearring.obj
c:\devlib\gdal-3.2.1\x64\release\ogrgeomfielddefn.obj
c:\devlib\gdal-3.2.1\x64\release\ogrgeometryfactory.obj
c:\devlib\gdal-3.2.1\x64\release\ogrgeometrycollection.obj
c:\devlib\gdal-3.2.1\x64\release\ogrgeometry.obj
c:\devlib\gdal-3.2.1\x64\release\ogrgeomediageometry.obj
c:\devlib\gdal-3.2.1\x64\release\ogrfielddefn.obj
c:\devlib\gdal-3.2.1\x64\release\ogrfeaturestyle.obj
c:\devlib\gdal-3.2.1\x64\release\ogrfeaturequery.obj
c:\devlib\gdal-3.2.1\x64\release\ogrfeaturedefn.obj
c:\devlib\gdal-3.2.1\x64\release\ogrfeature.obj
c:\devlib\gdal-3.2.1\x64\release\ogrcurvepolygon.obj
c:\devlib\gdal-3.2.1\x64\release\ogrcurvecollection.obj
c:\devlib\gdal-3.2.1\x64\release\ogrcurve.obj
c:\devlib\gdal-3.2.1\x64\release\ogrct.obj
c:\devlib\gdal-3.2.1\x64\release\ogrcompoundcurve.obj
c:\devlib\gdal-3.2.1\x64\release\ogrcircularstring.obj
c:\devlib\gdal-3.2.1\x64\release\ograssemblepolygon.obj
c:\devlib\gdal-3.2.1\x64\release\ograpispy.obj
c:\devlib\gdal-3.2.1\x64\release\ogr_proj_p.obj
c:\devlib\gdal-3.2.1\x64\release\ogr_geo_utils.obj
c:\devlib\gdal-3.2.1\x64\release\ogr_geocoding.obj
c:\devlib\gdal-3.2.1\x64\release\ogr_fromepsg.obj
c:\devlib\gdal-3.2.1\x64\release\ogr_expat.obj
c:\devlib\gdal-3.2.1\x64\release\ogr_api.obj
c:\devlib\gdal-3.2.1\x64\release\ogrutils.obj
c:\devlib\gdal-3.2.1\x64\release\ogrtriangulatedsurface.obj
c:\devlib\gdal-3.2.1\x64\release\ogrtriangle.obj
c:\devlib\gdal-3.2.1\x64\release\ogrsurface.obj
c:\devlib\gdal-3.2.1\x64\release\ogrspatialreference.obj
c:\devlib\gdal-3.2.1\x64\release\ogrpolyhedralsurface.obj
c:\devlib\gdal-3.2.1\x64\release\ogrpolygon.obj
c:\devlib\gdal-3.2.1\x64\release\ogrpoint.obj
c:\devlib\gdal-3.2.1\x64\release\ogrpgeogeometry.obj
c:\devlib\gdal-3.2.1\x64\release\ogrmultisurface.obj
c:\devlib\gdal-3.2.1\x64\release\ogrmultipolygon.obj
c:\devlib\gdal-3.2.1\x64\release\ogrmultipoint.obj
c:\devlib\gdal-3.2.1\x64\release\ogrmultilinestring.obj
c:\devlib\gdal-3.2.1\x64\release\ogrmulticurve.obj
c:\devlib\gdal-3.2.1\x64\release\avc_binwr.obj
c:\devlib\gdal-3.2.1\x64\release\avc_bin.obj
c:\devlib\gdal-3.2.1\x64\release\ograrcgenlayer.obj
c:\devlib\gdal-3.2.1\x64\release\ograrcgendriver.obj
c:\devlib\gdal-3.2.1\x64\release\ograrcgendatasource.obj
c:\devlib\gdal-3.2.1\x64\release\swq_select.obj
c:\devlib\gdal-3.2.1\x64\release\swq_parser.obj
c:\devlib\gdal-3.2.1\x64\release\swq_op_registrar.obj
c:\devlib\gdal-3.2.1\x64\release\swq_op_general.obj
c:\devlib\gdal-3.2.1\x64\release\swq_expr_node.obj
c:\devlib\gdal-3.2.1\x64\release\swq.obj
c:\devlib\gdal-3.2.1\x64\release\ogr_srs_xml.obj
c:\devlib\gdal-3.2.1\x64\release\ogr_srs_usgs.obj
c:\devlib\gdal-3.2.1\x64\release\ogr_srs_pci.obj
c:\devlib\gdal-3.2.1\x64\release\ogr_srs_panorama.obj
c:\devlib\gdal-3.2.1\x64\release\ogr_srs_ozi.obj
c:\devlib\gdal-3.2.1\x64\release\ogr_srs_esri.obj
c:\devlib\gdal-3.2.1\x64\release\ogr_srs_erm.obj
c:\devlib\gdal-3.2.1\x64\release\ogr_srs_dict.obj
c:\devlib\gdal-3.2.1\x64\release\ogr_srsnode.obj
c:\devlib\gdal-3.2.1\x64\release\ogrcsvdatasource.obj
c:\devlib\gdal-3.2.1\x64\release\ogrbnaparser.obj
c:\devlib\gdal-3.2.1\x64\release\ogrbnalayer.obj
c:\devlib\gdal-3.2.1\x64\release\ogrbnadriver.obj
c:\devlib\gdal-3.2.1\x64\release\ogrbnadatasource.obj
c:\devlib\gdal-3.2.1\x64\release\ogravclayer.obj
c:\devlib\gdal-3.2.1\x64\release\ogravce00layer.obj
c:\devlib\gdal-3.2.1\x64\release\ogravce00driver.obj
c:\devlib\gdal-3.2.1\x64\release\ogravce00datasource.obj
c:\devlib\gdal-3.2.1\x64\release\ogravcdatasource.obj
c:\devlib\gdal-3.2.1\x64\release\ogravcbinlayer.obj
c:\devlib\gdal-3.2.1\x64\release\ogravcbindriver.obj
c:\devlib\gdal-3.2.1\x64\release\ogravcbindatasource.obj
c:\devlib\gdal-3.2.1\x64\release\avc_rawbin.obj
c:\devlib\gdal-3.2.1\x64\release\avc_misc.obj
c:\devlib\gdal-3.2.1\x64\release\avc_mbyte.obj
c:\devlib\gdal-3.2.1\x64\release\avc_e00write.obj
c:\devlib\gdal-3.2.1\x64\release\avc_e00read.obj
c:\devlib\gdal-3.2.1\x64\release\avc_e00parse.obj
c:\devlib\gdal-3.2.1\x64\release\avc_e00gen.obj
c:\devlib\gdal-3.2.1\x64\release\ogresrijsonreader.obj
c:\devlib\gdal-3.2.1\x64\release\ogresrijsondriver.obj
c:\devlib\gdal-3.2.1\x64\release\ogr_miattrind.obj
c:\devlib\gdal-3.2.1\x64\release\ogr_gensql.obj
c:\devlib\gdal-3.2.1\x64\release\ogr_attrind.obj
c:\devlib\gdal-3.2.1\x64\release\ogrwarpedlayer.obj
c:\devlib\gdal-3.2.1\x64\release\ogrunionlayer.obj
c:\devlib\gdal-3.2.1\x64\release\ogrsfdriverregistrar.obj
c:\devlib\gdal-3.2.1\x64\release\ogrsfdriver.obj
c:\devlib\gdal-3.2.1\x64\release\ogrregisterall.obj
c:\devlib\gdal-3.2.1\x64\release\ogrmutexedlayer.obj
c:\devlib\gdal-3.2.1\x64\release\ogrmutexeddatasource.obj
c:\devlib\gdal-3.2.1\x64\release\ogrlayerpool.obj
c:\devlib\gdal-3.2.1\x64\release\ogrlayerdecorator.obj
c:\devlib\gdal-3.2.1\x64\release\ogrlayer.obj
c:\devlib\gdal-3.2.1\x64\release\ogremulatedtransaction.obj
c:\devlib\gdal-3.2.1\x64\release\ogreditablelayer.obj
c:\devlib\gdal-3.2.1\x64\release\ogrdatasource.obj
c:\devlib\gdal-3.2.1\x64\release\ogrcsvlayer.obj
c:\devlib\gdal-3.2.1\x64\release\ogrcsvdriver.obj
c:\devlib\gdal-3.2.1\x64\release\mitab_bounds.obj
c:\devlib\gdal-3.2.1\x64\release\ogrmemlayer.obj
c:\devlib\gdal-3.2.1\x64\release\ogrmemdriver.obj
c:\devlib\gdal-3.2.1\x64\release\ogrmemdatasource.obj
c:\devlib\gdal-3.2.1\x64\release\ogrgtmlayer.obj
c:\devlib\gdal-3.2.1\x64\release\ogrgtmdriver.obj
c:\devlib\gdal-3.2.1\x64\release\ogrgtmdatasource.obj
c:\devlib\gdal-3.2.1\x64\release\gtmwaypointlayer.obj
c:\devlib\gdal-3.2.1\x64\release\gtmtracklayer.obj
c:\devlib\gdal-3.2.1\x64\release\gtm.obj
c:\devlib\gdal-3.2.1\x64\release\ogrtopojsonreader.obj
c:\devlib\gdal-3.2.1\x64\release\ogrtopojsondriver.obj
c:\devlib\gdal-3.2.1\x64\release\ogrgeojsonwriter.obj
c:\devlib\gdal-3.2.1\x64\release\ogrgeojsonwritelayer.obj
c:\devlib\gdal-3.2.1\x64\release\ogrgeojsonutils.obj
c:\devlib\gdal-3.2.1\x64\release\ogrgeojsonseqdriver.obj
c:\devlib\gdal-3.2.1\x64\release\ogrgeojsonreader.obj
c:\devlib\gdal-3.2.1\x64\release\ogrgeojsonlayer.obj
c:\devlib\gdal-3.2.1\x64\release\ogrgeojsondriver.obj
c:\devlib\gdal-3.2.1\x64\release\ogrgeojsondatasource.obj
c:\devlib\gdal-3.2.1\x64\release\mitab_spatialref.obj
c:\devlib\gdal-3.2.1\x64\release\mitab_rawbinblock.obj
c:\devlib\gdal-3.2.1\x64\release\mitab_ogr_driver.obj
c:\devlib\gdal-3.2.1\x64\release\mitab_ogr_datasource.obj
c:\devlib\gdal-3.2.1\x64\release\mitab_miffile.obj
c:\devlib\gdal-3.2.1\x64\release\mitab_middatafile.obj
c:\devlib\gdal-3.2.1\x64\release\mitab_maptoolblock.obj
c:\devlib\gdal-3.2.1\x64\release\mitab_mapobjectblock.obj
c:\devlib\gdal-3.2.1\x64\release\mitab_mapindexblock.obj
c:\devlib\gdal-3.2.1\x64\release\mitab_mapheaderblock.obj
c:\devlib\gdal-3.2.1\x64\release\mitab_mapfile.obj
c:\devlib\gdal-3.2.1\x64\release\mitab_mapcoordblock.obj
c:\devlib\gdal-3.2.1\x64\release\mitab_indfile.obj
c:\devlib\gdal-3.2.1\x64\release\mitab_imapinfofile.obj
c:\devlib\gdal-3.2.1\x64\release\mitab_idfile.obj
c:\devlib\gdal-3.2.1\x64\release\mitab_geometry.obj
c:\devlib\gdal-3.2.1\x64\release\mitab_feature_mif.obj
c:\devlib\gdal-3.2.1\x64\release\mitab_feature.obj
c:\devlib\gdal-3.2.1\x64\release\mitab_datfile.obj
c:\devlib\gdal-3.2.1\x64\release\mitab_coordsys.obj
c:\devlib\gdal-3.2.1\x64\release\ogrshapelayer.obj
c:\devlib\gdal-3.2.1\x64\release\ogrshapedriver.obj
c:\devlib\gdal-3.2.1\x64\release\ogrshapedatasource.obj
c:\devlib\gdal-3.2.1\x64\release\ogrsdtslayer.obj
c:\devlib\gdal-3.2.1\x64\release\ogrsdtsdriver.obj
c:\devlib\gdal-3.2.1\x64\release\ogrsdtsdatasource.obj
c:\devlib\gdal-3.2.1\x64\release\ogrreclayer.obj
c:\devlib\gdal-3.2.1\x64\release\ogrrecdriver.obj
c:\devlib\gdal-3.2.1\x64\release\ogrrecdatasource.obj
c:\devlib\gdal-3.2.1\x64\release\ll_recio.obj
c:\devlib\gdal-3.2.1\x64\release\ogropenfilegdblayer.obj
c:\devlib\gdal-3.2.1\x64\release\ogropenfilegdbdriver.obj
c:\devlib\gdal-3.2.1\x64\release\ogropenfilegdbdatasource.obj
c:\devlib\gdal-3.2.1\x64\release\filegdbtable.obj
c:\devlib\gdal-3.2.1\x64\release\filegdbindex.obj
c:\devlib\gdal-3.2.1\x64\release\mitab_utils.obj
c:\devlib\gdal-3.2.1\x64\release\mitab_tooldef.obj
c:\devlib\gdal-3.2.1\x64\release\mitab_tabview.obj
c:\devlib\gdal-3.2.1\x64\release\mitab_tabseamless.obj
c:\devlib\gdal-3.2.1\x64\release\mitab_tabfile.obj
c:\devlib\gdal-3.2.1\x64\release\cpl_json_streaming_parser.obj
c:\devlib\gdal-3.2.1\x64\release\cpl_json.obj
c:\devlib\gdal-3.2.1\x64\release\cpl_http.obj
c:\devlib\gdal-3.2.1\x64\release\cpl_hash_set.obj
c:\devlib\gdal-3.2.1\x64\release\cpl_getexecpath.obj
c:\devlib\gdal-3.2.1\x64\release\cpl_findfile.obj
c:\devlib\gdal-3.2.1\x64\release\cpl_error.obj
c:\devlib\gdal-3.2.1\x64\release\cpl_csv.obj
c:\devlib\gdal-3.2.1\x64\release\cpl_cpu_features.obj
c:\devlib\gdal-3.2.1\x64\release\cpl_conv.obj
c:\devlib\gdal-3.2.1\x64\release\cpl_base64.obj
c:\devlib\gdal-3.2.1\x64\release\cpl_atomic_ops.obj
c:\devlib\gdal-3.2.1\x64\release\cplstringlist.obj
c:\devlib\gdal-3.2.1\x64\release\cplstring.obj
c:\devlib\gdal-3.2.1\x64\release\cplkeywordparser.obj
c:\devlib\gdal-3.2.1\x64\release\cplgetsymbol.obj
c:\devlib\gdal-3.2.1\x64\release\ogrvrtlayer.obj
c:\devlib\gdal-3.2.1\x64\release\ogrvrtdriver.obj
c:\devlib\gdal-3.2.1\x64\release\ogrvrtdatasource.obj
c:\devlib\gdal-3.2.1\x64\release\shape2ogr.obj
c:\devlib\gdal-3.2.1\x64\release\cpl_strtod.obj
c:\devlib\gdal-3.2.1\x64\release\cpl_string.obj
c:\devlib\gdal-3.2.1\x64\release\cpl_spawn.obj
c:\devlib\gdal-3.2.1\x64\release\cpl_sha256.obj
c:\devlib\gdal-3.2.1\x64\release\cpl_sha1.obj
c:\devlib\gdal-3.2.1\x64\release\cpl_recode_stub.obj
c:\devlib\gdal-3.2.1\x64\release\cpl_recode_iconv.obj
c:\devlib\gdal-3.2.1\x64\release\cpl_recode.obj
c:\devlib\gdal-3.2.1\x64\release\cpl_quad_tree.obj
c:\devlib\gdal-3.2.1\x64\release\cpl_progress.obj
c:\devlib\gdal-3.2.1\x64\release\cpl_path.obj
c:\devlib\gdal-3.2.1\x64\release\cpl_odbc.obj
c:\devlib\gdal-3.2.1\x64\release\cpl_multiproc.obj
c:\devlib\gdal-3.2.1\x64\release\cpl_minizip_zip.obj
c:\devlib\gdal-3.2.1\x64\release\cpl_minizip_unzip.obj
c:\devlib\gdal-3.2.1\x64\release\cpl_minizip_ioapi.obj
c:\devlib\gdal-3.2.1\x64\release\cpl_minixml.obj
c:\devlib\gdal-3.2.1\x64\release\cpl_md5.obj
c:\devlib\gdal-3.2.1\x64\release\cpl_list.obj
c:\devlib\gdal-3.2.1\x64\release\cpl_json_streaming_writer.obj
c:\devlib\gdal-3.2.1\x64\release\cpl_vsil_sparsefile.obj
c:\devlib\gdal-3.2.1\x64\release\cpl_vsil_s3.obj
c:\devlib\gdal-3.2.1\x64\release\cpl_vsil_plugin.obj
c:\devlib\gdal-3.2.1\x64\release\cpl_vsil_oss.obj
c:\devlib\gdal-3.2.1\x64\release\cpl_vsil_hdfs.obj
c:\devlib\gdal-3.2.1\x64\release\cpl_vsil_gzip.obj
c:\devlib\gdal-3.2.1\x64\release\cpl_vsil_gs.obj
c:\devlib\gdal-3.2.1\x64\release\cpl_vsil_curl_streaming.obj
c:\devlib\gdal-3.2.1\x64\release\cpl_vsil_curl.obj
c:\devlib\gdal-3.2.1\x64\release\cpl_vsil_crypt.obj
c:\devlib\gdal-3.2.1\x64\release\cpl_vsil_cache.obj
c:\devlib\gdal-3.2.1\x64\release\cpl_vsil_buffered_reader.obj
c:\devlib\gdal-3.2.1\x64\release\cpl_vsil_az.obj
c:\devlib\gdal-3.2.1\x64\release\cpl_vsil_abstract_archive.obj
c:\devlib\gdal-3.2.1\x64\release\cpl_vsil.obj
c:\devlib\gdal-3.2.1\x64\release\cpl_virtualmem.obj
c:\devlib\gdal-3.2.1\x64\release\cpl_vax.obj
c:\devlib\gdal-3.2.1\x64\release\cpl_userfaultfd.obj
c:\devlib\gdal-3.2.1\x64\release\cpl_time.obj
c:\devlib\gdal-3.2.1\x64\release\cpl_swift.obj
c:\devlib\gdal-3.2.1\x64\release\lerc_c_api_impl.obj
c:\devlib\gdal-3.2.1\x64\release\lerc2.obj
c:\devlib\gdal-3.2.1\x64\release\lerc.obj
c:\devlib\gdal-3.2.1\x64\release\huffman.obj
c:\devlib\gdal-3.2.1\x64\release\bitstuffer2.obj
c:\devlib\gdal-3.2.1\x64\release\bitmask.obj
c:\devlib\gdal-3.2.1\x64\release\cpl_xml_validate.obj
c:\devlib\gdal-3.2.1\x64\release\cpl_worker_thread_pool.obj
c:\devlib\gdal-3.2.1\x64\release\cpl_vsi_mem.obj
c:\devlib\gdal-3.2.1\x64\release\cpl_vsi_error.obj
c:\devlib\gdal-3.2.1\x64\release\cpl_vsisimple.obj
c:\devlib\gdal-3.2.1\x64\release\cpl_vsil_win32.obj
c:\devlib\gdal-3.2.1\x64\release\cpl_vsil_webhdfs.obj
c:\devlib\gdal-3.2.1\x64\release\cpl_vsil_uploadonclose.obj
c:\devlib\gdal-3.2.1\x64\release\cpl_vsil_unix_stdio_64.obj
c:\devlib\gdal-3.2.1\x64\release\cpl_vsil_tar.obj
c:\devlib\gdal-3.2.1\x64\release\cpl_vsil_swift.obj
c:\devlib\gdal-3.2.1\x64\release\cpl_vsil_subfile.obj
c:\devlib\gdal-3.2.1\x64\release\cpl_vsil_stdout.obj
c:\devlib\gdal-3.2.1\x64\release\cpl_vsil_stdin.obj
c:\devlib\gdal-3.2.1\x64\release\btdataset.obj
c:\devlib\gdal-3.2.1\x64\release\dteddataset.obj
c:\devlib\gdal-3.2.1\x64\release\rle.obj
c:\devlib\gdal-3.2.1\x64\release\aigopen.obj
c:\devlib\gdal-3.2.1\x64\release\aigccitt.obj
c:\devlib\gdal-3.2.1\x64\release\userprintf_rbox.obj
c:\devlib\gdal-3.2.1\x64\release\userprintf.obj
c:\devlib\gdal-3.2.1\x64\release\usermem.obj
c:\devlib\gdal-3.2.1\x64\release\user.obj
c:\devlib\gdal-3.2.1\x64\release\stat.obj
c:\devlib\gdal-3.2.1\x64\release\rboxlib.obj
c:\devlib\gdal-3.2.1\x64\release\random.obj
c:\devlib\gdal-3.2.1\x64\release\qset.obj
c:\devlib\gdal-3.2.1\x64\release\poly2.obj
c:\devlib\gdal-3.2.1\x64\release\poly.obj
c:\devlib\gdal-3.2.1\x64\release\merge.obj
c:\devlib\gdal-3.2.1\x64\release\mem.obj
c:\devlib\gdal-3.2.1\x64\release\libqhull.obj
c:\devlib\gdal-3.2.1\x64\release\io.obj
c:\devlib\gdal-3.2.1\x64\release\global.obj
c:\devlib\gdal-3.2.1\x64\release\geom2.obj
c:\devlib\gdal-3.2.1\x64\release\geom.obj
c:\devlib\gdal-3.2.1\x64\release\delaunay.obj
c:\devlib\gdal-3.2.1\x64\release\tif_aux.obj
c:\devlib\gdal-3.2.1\x64\release\xtiff.obj
c:\devlib\gdal-3.2.1\x64\release\geo_write.obj
c:\devlib\gdal-3.2.1\x64\release\geo_trans.obj
c:\devlib\gdal-3.2.1\x64\release\geo_tiffp.obj
c:\devlib\gdal-3.2.1\x64\release\geo_simpletags.obj
c:\devlib\gdal-3.2.1\x64\release\geo_set.obj
c:\devlib\gdal-3.2.1\x64\release\geo_print.obj
c:\devlib\gdal-3.2.1\x64\release\geo_normalize.obj
c:\devlib\gdal-3.2.1\x64\release\geo_new.obj
c:\devlib\gdal-3.2.1\x64\release\geo_names.obj
c:\devlib\gdal-3.2.1\x64\release\geo_get.obj
c:\devlib\gdal-3.2.1\x64\release\geo_free.obj
c:\devlib\gdal-3.2.1\x64\release\geo_extra.obj
c:\devlib\gdal-3.2.1\x64\release\geotiff_proj4.obj
c:\devlib\gdal-3.2.1\x64\release\tif_lerc.obj
c:\devlib\gdal-3.2.1\x64\release\tif_float.obj
c:\devlib\gdal-3.2.1\x64\release\e00read.obj
c:\devlib\gdal-3.2.1\x64\release\derivedlist.obj
c:\devlib\gdal-3.2.1\x64\release\gridlib.obj
c:\devlib\gdal-3.2.1\x64\release\tif_lzw.obj
c:\devlib\gdal-3.2.1\x64\release\tif_lzma.obj
c:\devlib\gdal-3.2.1\x64\release\tif_luv.obj
c:\devlib\gdal-3.2.1\x64\release\tif_jpeg_12.obj
c:\devlib\gdal-3.2.1\x64\release\tif_jpeg.obj
c:\devlib\gdal-3.2.1\x64\release\tif_getimage.obj
c:\devlib\gdal-3.2.1\x64\release\tif_flush.obj
c:\devlib\gdal-3.2.1\x64\release\tif_fax3sm.obj
c:\devlib\gdal-3.2.1\x64\release\tif_fax3.obj
c:\devlib\gdal-3.2.1\x64\release\tif_extension.obj
c:\devlib\gdal-3.2.1\x64\release\tif_error.obj
c:\devlib\gdal-3.2.1\x64\release\tif_dumpmode.obj
c:\devlib\gdal-3.2.1\x64\release\tif_dirwrite.obj
c:\devlib\gdal-3.2.1\x64\release\tif_dirread.obj
c:\devlib\gdal-3.2.1\x64\release\tif_dirinfo.obj
c:\devlib\gdal-3.2.1\x64\release\tif_dir.obj
c:\devlib\gdal-3.2.1\x64\release\tif_compress.obj
c:\devlib\gdal-3.2.1\x64\release\tif_color.obj
c:\devlib\gdal-3.2.1\x64\release\tif_codec.obj
c:\devlib\gdal-3.2.1\x64\release\tif_close.obj
c:\devlib\gdal-3.2.1\x64\release\jcapimin.obj
c:\devlib\gdal-3.2.1\x64\release\tif_zstd.obj
c:\devlib\gdal-3.2.1\x64\release\tif_zip.obj
c:\devlib\gdal-3.2.1\x64\release\tif_write.obj
c:\devlib\gdal-3.2.1\x64\release\tif_webp.obj
c:\devlib\gdal-3.2.1\x64\release\tif_warning.obj
c:\devlib\gdal-3.2.1\x64\release\tif_vsi.obj
c:\devlib\gdal-3.2.1\x64\release\tif_version.obj
c:\devlib\gdal-3.2.1\x64\release\tif_tile.obj
c:\devlib\gdal-3.2.1\x64\release\tif_thunder.obj
c:\devlib\gdal-3.2.1\x64\release\tif_swab.obj
c:\devlib\gdal-3.2.1\x64\release\tif_strip.obj
c:\devlib\gdal-3.2.1\x64\release\tif_read.obj
c:\devlib\gdal-3.2.1\x64\release\tif_print.obj
c:\devlib\gdal-3.2.1\x64\release\tif_predict.obj
c:\devlib\gdal-3.2.1\x64\release\tif_pixarlog.obj
c:\devlib\gdal-3.2.1\x64\release\tif_packbits.obj
c:\devlib\gdal-3.2.1\x64\release\tif_open.obj
c:\devlib\gdal-3.2.1\x64\release\tif_ojpeg.obj
c:\devlib\gdal-3.2.1\x64\release\tif_next.obj
c:\devlib\gdal-3.2.1\x64\release\jdcoefct.obj
c:\devlib\gdal-3.2.1\x64\release\jdatasrc.obj
c:\devlib\gdal-3.2.1\x64\release\jdatadst.obj
c:\devlib\gdal-3.2.1\x64\release\jdapistd.obj
c:\devlib\gdal-3.2.1\x64\release\jdapimin.obj
c:\devlib\gdal-3.2.1\x64\release\jctrans.obj
c:\devlib\gdal-3.2.1\x64\release\jcsample.obj
c:\devlib\gdal-3.2.1\x64\release\jcprepct.obj
c:\devlib\gdal-3.2.1\x64\release\jcphuff.obj
c:\devlib\gdal-3.2.1\x64\release\jcparam.obj
c:\devlib\gdal-3.2.1\x64\release\jcomapi.obj
c:\devlib\gdal-3.2.1\x64\release\jcmaster.obj
c:\devlib\gdal-3.2.1\x64\release\jcmarker.obj
c:\devlib\gdal-3.2.1\x64\release\jcmainct.obj
c:\devlib\gdal-3.2.1\x64\release\jcinit.obj
c:\devlib\gdal-3.2.1\x64\release\jchuff.obj
c:\devlib\gdal-3.2.1\x64\release\jcdctmgr.obj
c:\devlib\gdal-3.2.1\x64\release\jccolor.obj
c:\devlib\gdal-3.2.1\x64\release\jccoefct.obj
c:\devlib\gdal-3.2.1\x64\release\jcapistd.obj
c:\devlib\gdal-3.2.1\x64\release\jidctred.obj
c:\devlib\gdal-3.2.1\x64\release\jidctint.obj
c:\devlib\gdal-3.2.1\x64\release\jidctfst.obj
c:\devlib\gdal-3.2.1\x64\release\jidctflt.obj
c:\devlib\gdal-3.2.1\x64\release\jfdctint.obj
c:\devlib\gdal-3.2.1\x64\release\jfdctfst.obj
c:\devlib\gdal-3.2.1\x64\release\jfdctflt.obj
c:\devlib\gdal-3.2.1\x64\release\jerror.obj
c:\devlib\gdal-3.2.1\x64\release\jdtrans.obj
c:\devlib\gdal-3.2.1\x64\release\jdsample.obj
c:\devlib\gdal-3.2.1\x64\release\jdpostct.obj
c:\devlib\gdal-3.2.1\x64\release\jdphuff.obj
c:\devlib\gdal-3.2.1\x64\release\jdmerge.obj
c:\devlib\gdal-3.2.1\x64\release\jdmaster.obj
c:\devlib\gdal-3.2.1\x64\release\jdmarker.obj
c:\devlib\gdal-3.2.1\x64\release\jdmainct.obj
c:\devlib\gdal-3.2.1\x64\release\jdinput.obj
c:\devlib\gdal-3.2.1\x64\release\jdhuff.obj
c:\devlib\gdal-3.2.1\x64\release\jddctmgr.obj
c:\devlib\gdal-3.2.1\x64\release\jdcolor.obj
c:\devlib\gdal-3.2.1\x64\release\pngtrans.obj
c:\devlib\gdal-3.2.1\x64\release\pngset.obj
c:\devlib\gdal-3.2.1\x64\release\pngrutil.obj
c:\devlib\gdal-3.2.1\x64\release\pngrtran.obj
c:\devlib\gdal-3.2.1\x64\release\pngrio.obj
c:\devlib\gdal-3.2.1\x64\release\pngread.obj
c:\devlib\gdal-3.2.1\x64\release\pngpread.obj
c:\devlib\gdal-3.2.1\x64\release\pngmem.obj
c:\devlib\gdal-3.2.1\x64\release\pngget.obj
c:\devlib\gdal-3.2.1\x64\release\pngerror.obj
c:\devlib\gdal-3.2.1\x64\release\png.obj
c:\devlib\gdal-3.2.1\x64\release\nitfimage.obj
c:\devlib\gdal-3.2.1\x64\release\nitffile.obj
c:\devlib\gdal-3.2.1\x64\release\nitfdes.obj
c:\devlib\gdal-3.2.1\x64\release\mgrs.obj
c:\devlib\gdal-3.2.1\x64\release\jutils.obj
c:\devlib\gdal-3.2.1\x64\release\jquant2.obj
c:\devlib\gdal-3.2.1\x64\release\jquant1.obj
c:\devlib\gdal-3.2.1\x64\release\jmemmgr.obj
c:\devlib\gdal-3.2.1\x64\release\jmemansi.obj
c:\devlib\gdal-3.2.1\x64\release\json_object.obj
c:\devlib\gdal-3.2.1\x64\release\json_c_version.obj
c:\devlib\gdal-3.2.1\x64\release\debug.obj
c:\devlib\gdal-3.2.1\x64\release\arraylist.obj
c:\devlib\gdal-3.2.1\x64\release\zutil.obj
c:\devlib\gdal-3.2.1\x64\release\uncompr.obj
c:\devlib\gdal-3.2.1\x64\release\trees.obj
c:\devlib\gdal-3.2.1\x64\release\inftrees.obj
c:\devlib\gdal-3.2.1\x64\release\inflate.obj
c:\devlib\gdal-3.2.1\x64\release\inffast.obj
c:\devlib\gdal-3.2.1\x64\release\infback.obj
c:\devlib\gdal-3.2.1\x64\release\gzio.obj
c:\devlib\gdal-3.2.1\x64\release\deflate.obj
c:\devlib\gdal-3.2.1\x64\release\crc32.obj
c:\devlib\gdal-3.2.1\x64\release\compress.obj
c:\devlib\gdal-3.2.1\x64\release\adler32.obj
c:\devlib\gdal-3.2.1\x64\release\pngwutil.obj
c:\devlib\gdal-3.2.1\x64\release\pngwtran.obj
c:\devlib\gdal-3.2.1\x64\release\pngwrite.obj
c:\devlib\gdal-3.2.1\x64\release\pngwio.obj
c:\devlib\gdal-3.2.1\x64\release\dted_ptstream.obj
c:\devlib\gdal-3.2.1\x64\release\dted_create.obj
c:\devlib\gdal-3.2.1\x64\release\dted_api.obj
c:\devlib\gdal-3.2.1\x64\release\shp_vsi.obj
c:\devlib\gdal-3.2.1\x64\release\shptree_wrapper.obj
c:\devlib\gdal-3.2.1\x64\release\shptree.obj
c:\devlib\gdal-3.2.1\x64\release\shpopen_wrapper.obj
c:\devlib\gdal-3.2.1\x64\release\shpopen.obj
c:\devlib\gdal-3.2.1\x64\release\sbnsearch_wrapper.obj
c:\devlib\gdal-3.2.1\x64\release\sbnsearch.obj
c:\devlib\gdal-3.2.1\x64\release\dbfopen_wrapper.obj
c:\devlib\gdal-3.2.1\x64\release\dbfopen.obj
c:\devlib\gdal-3.2.1\x64\release\printbuf.obj
c:\devlib\gdal-3.2.1\x64\release\linkhash.obj
c:\devlib\gdal-3.2.1\x64\release\json_util.obj
c:\devlib\gdal-3.2.1\x64\release\json_tokener.obj
c:\devlib\gdal-3.2.1\x64\release\json_object_iterator.obj
c:\devlib\gdal-3.2.1\x64\release\gdal.lib
c:\aeromap\lib\gdal-3.2.1\x64\release\adler32.obj
c:\aeromap\lib\gdal-3.2.1\x64\release\adrgdataset.obj
c:\aeromap\lib\gdal-3.2.1\x64\release\aigccitt.obj
c:\aeromap\lib\gdal-3.2.1\x64\release\aigdataset.obj
c:\aeromap\lib\gdal-3.2.1\x64\release\aigopen.obj
c:\aeromap\lib\gdal-3.2.1\x64\release\arraylist.obj
c:\aeromap\lib\gdal-3.2.1\x64\release\avc_bin.obj
c:\aeromap\lib\gdal-3.2.1\x64\release\avc_binwr.obj
c:\aeromap\lib\gdal-3.2.1\x64\release\avc_e00gen.obj
c:\aeromap\lib\gdal-3.2.1\x64\release\avc_e00parse.obj
c:\aeromap\lib\gdal-3.2.1\x64\release\avc_e00read.obj
c:\aeromap\lib\gdal-3.2.1\x64\release\avc_e00write.obj
c:\aeromap\lib\gdal-3.2.1\x64\release\avc_mbyte.obj
c:\aeromap\lib\gdal-3.2.1\x64\release\avc_misc.obj
c:\aeromap\lib\gdal-3.2.1\x64\release\avc_rawbin.obj
c:\aeromap\lib\gdal-3.2.1\x64\release\bitmask.obj
c:\aeromap\lib\gdal-3.2.1\x64\release\bitstuffer2.obj
c:\aeromap\lib\gdal-3.2.1\x64\release\bmpdataset.obj
c:\aeromap\lib\gdal-3.2.1\x64\release\btdataset.obj
c:\aeromap\lib\gdal-3.2.1\x64\release\cogdriver.obj
c:\aeromap\lib\gdal-3.2.1\x64\release\commonutils.obj
c:\aeromap\lib\gdal-3.2.1\x64\release\compress.obj
c:\aeromap\lib\gdal-3.2.1\x64\release\contour.obj
c:\aeromap\lib\gdal-3.2.1\x64\release\cplgetsymbol.obj
c:\aeromap\lib\gdal-3.2.1\x64\release\cplkeywordparser.obj
c:\aeromap\lib\gdal-3.2.1\x64\release\cplstring.obj
c:\aeromap\lib\gdal-3.2.1\x64\release\cplstringlist.obj
c:\aeromap\lib\gdal-3.2.1\x64\release\cpl_atomic_ops.obj
c:\aeromap\lib\gdal-3.2.1\x64\release\cpl_base64.obj
c:\aeromap\lib\gdal-3.2.1\x64\release\cpl_conv.obj
c:\aeromap\lib\gdal-3.2.1\x64\release\cpl_cpu_features.obj
c:\aeromap\lib\gdal-3.2.1\x64\release\cpl_csv.obj
c:\aeromap\lib\gdal-3.2.1\x64\release\cpl_error.obj
c:\aeromap\lib\gdal-3.2.1\x64\release\cpl_findfile.obj
c:\aeromap\lib\gdal-3.2.1\x64\release\cpl_getexecpath.obj
c:\aeromap\lib\gdal-3.2.1\x64\release\cpl_hash_set.obj
c:\aeromap\lib\gdal-3.2.1\x64\release\cpl_http.obj
c:\aeromap\lib\gdal-3.2.1\x64\release\cpl_json.obj
c:\aeromap\lib\gdal-3.2.1\x64\release\cpl_json_streaming_parser.obj
c:\aeromap\lib\gdal-3.2.1\x64\release\cpl_json_streaming_writer.obj
c:\aeromap\lib\gdal-3.2.1\x64\release\cpl_list.obj
c:\aeromap\lib\gdal-3.2.1\x64\release\cpl_md5.obj
c:\aeromap\lib\gdal-3.2.1\x64\release\cpl_minixml.obj
c:\aeromap\lib\gdal-3.2.1\x64\release\cpl_minizip_ioapi.obj
c:\aeromap\lib\gdal-3.2.1\x64\release\cpl_minizip_unzip.obj
c:\aeromap\lib\gdal-3.2.1\x64\release\cpl_minizip_zip.obj
c:\aeromap\lib\gdal-3.2.1\x64\release\cpl_multiproc.obj
c:\aeromap\lib\gdal-3.2.1\x64\release\cpl_odbc.obj
c:\aeromap\lib\gdal-3.2.1\x64\release\cpl_path.obj
c:\aeromap\lib\gdal-3.2.1\x64\release\cpl_progress.obj
c:\aeromap\lib\gdal-3.2.1\x64\release\cpl_quad_tree.obj
c:\aeromap\lib\gdal-3.2.1\x64\release\cpl_recode.obj
c:\aeromap\lib\gdal-3.2.1\x64\release\cpl_recode_iconv.obj
c:\aeromap\lib\gdal-3.2.1\x64\release\cpl_recode_stub.obj
c:\aeromap\lib\gdal-3.2.1\x64\release\cpl_sha1.obj
c:\aeromap\lib\gdal-3.2.1\x64\release\cpl_sha256.obj
c:\aeromap\lib\gdal-3.2.1\x64\release\cpl_spawn.obj
c:\aeromap\lib\gdal-3.2.1\x64\release\cpl_string.obj
c:\aeromap\lib\gdal-3.2.1\x64\release\cpl_strtod.obj
c:\aeromap\lib\gdal-3.2.1\x64\release\cpl_swift.obj
c:\aeromap\lib\gdal-3.2.1\x64\release\cpl_time.obj
c:\aeromap\lib\gdal-3.2.1\x64\release\cpl_userfaultfd.obj
c:\aeromap\lib\gdal-3.2.1\x64\release\cpl_vax.obj
c:\aeromap\lib\gdal-3.2.1\x64\release\cpl_virtualmem.obj
c:\aeromap\lib\gdal-3.2.1\x64\release\cpl_vsil.obj
c:\aeromap\lib\gdal-3.2.1\x64\release\cpl_vsil_abstract_archive.obj
c:\aeromap\lib\gdal-3.2.1\x64\release\cpl_vsil_az.obj
c:\aeromap\lib\gdal-3.2.1\x64\release\cpl_vsil_buffered_reader.obj
c:\aeromap\lib\gdal-3.2.1\x64\release\cpl_vsil_cache.obj
c:\aeromap\lib\gdal-3.2.1\x64\release\cpl_vsil_crypt.obj
c:\aeromap\lib\gdal-3.2.1\x64\release\cpl_vsil_curl.obj
c:\aeromap\lib\gdal-3.2.1\x64\release\cpl_vsil_curl_streaming.obj
c:\aeromap\lib\gdal-3.2.1\x64\release\cpl_vsil_gs.obj
c:\aeromap\lib\gdal-3.2.1\x64\release\cpl_vsil_gzip.obj
c:\aeromap\lib\gdal-3.2.1\x64\release\cpl_vsil_hdfs.obj
c:\aeromap\lib\gdal-3.2.1\x64\release\cpl_vsil_oss.obj
c:\aeromap\lib\gdal-3.2.1\x64\release\cpl_vsil_plugin.obj
c:\aeromap\lib\gdal-3.2.1\x64\release\cpl_vsil_s3.obj
c:\aeromap\lib\gdal-3.2.1\x64\release\cpl_vsil_sparsefile.obj
c:\aeromap\lib\gdal-3.2.1\x64\release\cpl_vsil_stdin.obj
c:\aeromap\lib\gdal-3.2.1\x64\release\cpl_vsil_stdout.obj
c:\aeromap\lib\gdal-3.2.1\x64\release\cpl_vsil_subfile.obj
c:\aeromap\lib\gdal-3.2.1\x64\release\cpl_vsil_swift.obj
c:\aeromap\lib\gdal-3.2.1\x64\release\cpl_vsil_tar.obj
c:\aeromap\lib\gdal-3.2.1\x64\release\cpl_vsil_unix_stdio_64.obj
c:\aeromap\lib\gdal-3.2.1\x64\release\cpl_vsil_uploadonclose.obj
c:\aeromap\lib\gdal-3.2.1\x64\release\cpl_vsil_webhdfs.obj
c:\aeromap\lib\gdal-3.2.1\x64\release\cpl_vsil_win32.obj
c:\aeromap\lib\gdal-3.2.1\x64\release\cpl_vsisimple.obj
c:\aeromap\lib\gdal-3.2.1\x64\release\cpl_vsi_error.obj
c:\aeromap\lib\gdal-3.2.1\x64\release\cpl_vsi_mem.obj
c:\aeromap\lib\gdal-3.2.1\x64\release\cpl_worker_thread_pool.obj
c:\aeromap\lib\gdal-3.2.1\x64\release\cpl_xml_validate.obj
c:\aeromap\lib\gdal-3.2.1\x64\release\crc32.obj
c:\aeromap\lib\gdal-3.2.1\x64\release\ctgdataset.obj
c:\aeromap\lib\gdal-3.2.1\x64\release\dbfopen.obj
c:\aeromap\lib\gdal-3.2.1\x64\release\dbfopen_wrapper.obj
c:\aeromap\lib\gdal-3.2.1\x64\release\ddffield.obj
c:\aeromap\lib\gdal-3.2.1\x64\release\ddffielddefn.obj
c:\aeromap\lib\gdal-3.2.1\x64\release\ddfmodule.obj
c:\aeromap\lib\gdal-3.2.1\x64\release\ddfrecord.obj
c:\aeromap\lib\gdal-3.2.1\x64\release\ddfsubfielddefn.obj
c:\aeromap\lib\gdal-3.2.1\x64\release\ddfutils.obj
c:\aeromap\lib\gdal-3.2.1\x64\release\debug.obj
c:\aeromap\lib\gdal-3.2.1\x64\release\deflate.obj
c:\aeromap\lib\gdal-3.2.1\x64\release\delaunay.obj
c:\aeromap\lib\gdal-3.2.1\x64\release\deriveddataset.obj
c:\aeromap\lib\gdal-3.2.1\x64\release\derivedlist.obj
c:\aeromap\lib\gdal-3.2.1\x64\release\dteddataset.obj
c:\aeromap\lib\gdal-3.2.1\x64\release\dted_api.obj
c:\aeromap\lib\gdal-3.2.1\x64\release\dted_create.obj
c:\aeromap\lib\gdal-3.2.1\x64\release\dted_ptstream.obj
c:\aeromap\lib\gdal-3.2.1\x64\release\e00griddataset.obj
c:\aeromap\lib\gdal-3.2.1\x64\release\e00read.obj
c:\aeromap\lib\gdal-3.2.1\x64\release\ecrgtocdataset.obj
c:\aeromap\lib\gdal-3.2.1\x64\release\filegdbindex.obj
c:\aeromap\lib\gdal-3.2.1\x64\release\filegdbtable.obj
c:\aeromap\lib\gdal-3.2.1\x64\release\gdalabstractbandblockcache.obj
c:\aeromap\lib\gdal-3.2.1\x64\release\gdalallregister.obj
c:\aeromap\lib\gdal-3.2.1\x64\release\gdalallvalidmaskband.obj
c:\aeromap\lib\gdal-3.2.1\x64\release\gdalapplyverticalshiftgrid.obj
c:\aeromap\lib\gdal-3.2.1\x64\release\gdalarraybandblockcache.obj
c:\aeromap\lib\gdal-3.2.1\x64\release\gdalbuildvrt_lib.obj
c:\aeromap\lib\gdal-3.2.1\x64\release\gdalchecksum.obj
c:\aeromap\lib\gdal-3.2.1\x64\release\gdalcolortable.obj
c:\aeromap\lib\gdal-3.2.1\x64\release\gdalcutline.obj
c:\aeromap\lib\gdal-3.2.1\x64\release\gdaldataset.obj
c:\aeromap\lib\gdal-3.2.1\x64\release\gdaldefaultasync.obj
c:\aeromap\lib\gdal-3.2.1\x64\release\gdaldefaultoverviews.obj
c:\aeromap\lib\gdal-3.2.1\x64\release\gdaldither.obj
c:\aeromap\lib\gdal-3.2.1\x64\release\gdaldllmain.obj
c:\aeromap\lib\gdal-3.2.1\x64\release\gdaldriver.obj
c:\aeromap\lib\gdal-3.2.1\x64\release\gdaldrivermanager.obj
c:\aeromap\lib\gdal-3.2.1\x64\release\gdalexif.obj
c:\aeromap\lib\gdal-3.2.1\x64\release\gdalgeoloc.obj
c:\aeromap\lib\gdal-3.2.1\x64\release\gdalgeorefpamdataset.obj
c:\aeromap\lib\gdal-3.2.1\x64\release\gdalgrid.obj
c:\aeromap\lib\gdal-3.2.1\x64\release\gdalhashsetbandblockcache.obj
c:\aeromap\lib\gdal-3.2.1\x64\release\gdalinfo_lib.obj
c:\aeromap\lib\gdal-3.2.1\x64\release\gdaljp2abstractdataset.obj
c:\aeromap\lib\gdal-3.2.1\x64\release\gdaljp2box.obj
c:\aeromap\lib\gdal-3.2.1\x64\release\gdaljp2metadata.obj
c:\aeromap\lib\gdal-3.2.1\x64\release\gdaljp2metadatagenerator.obj
c:\aeromap\lib\gdal-3.2.1\x64\release\gdaljp2structure.obj
c:\aeromap\lib\gdal-3.2.1\x64\release\gdallinearsystem.obj
c:\aeromap\lib\gdal-3.2.1\x64\release\gdalmajorobject.obj
c:\aeromap\lib\gdal-3.2.1\x64\release\gdalmatching.obj
c:\aeromap\lib\gdal-3.2.1\x64\release\gdalmdiminfo_lib.obj
c:\aeromap\lib\gdal-3.2.1\x64\release\gdalmediancut.obj
c:\aeromap\lib\gdal-3.2.1\x64\release\gdalmultidim.obj
c:\aeromap\lib\gdal-3.2.1\x64\release\gdalmultidomainmetadata.obj
c:\aeromap\lib\gdal-3.2.1\x64\release\gdalnodatamaskband.obj
c:\aeromap\lib\gdal-3.2.1\x64\release\gdalnodatavaluesmaskband.obj
c:\aeromap\lib\gdal-3.2.1\x64\release\gdalopeninfo.obj
c:\aeromap\lib\gdal-3.2.1\x64\release\gdaloverviewdataset.obj
c:\aeromap\lib\gdal-3.2.1\x64\release\gdalpamdataset.obj
c:\aeromap\lib\gdal-3.2.1\x64\release\gdalpamproxydb.obj
c:\aeromap\lib\gdal-3.2.1\x64\release\gdalpamrasterband.obj
c:\aeromap\lib\gdal-3.2.1\x64\release\gdalpansharpen.obj
c:\aeromap\lib\gdal-3.2.1\x64\release\gdalproximity.obj
c:\aeromap\lib\gdal-3.2.1\x64\release\gdalproxydataset.obj
c:\aeromap\lib\gdal-3.2.1\x64\release\gdalproxypool.obj
c:\aeromap\lib\gdal-3.2.1\x64\release\gdalpython.obj
c:\aeromap\lib\gdal-3.2.1\x64\release\gdalpythondriverloader.obj
c:\aeromap\lib\gdal-3.2.1\x64\release\gdalrasterband.obj
c:\aeromap\lib\gdal-3.2.1\x64\release\gdalrasterblock.obj
c:\aeromap\lib\gdal-3.2.1\x64\release\gdalrasterize.obj
c:\aeromap\lib\gdal-3.2.1\x64\release\gdalrasterpolygonenumerator.obj
c:\aeromap\lib\gdal-3.2.1\x64\release\gdalrescaledalphaband.obj
c:\aeromap\lib\gdal-3.2.1\x64\release\gdalsievefilter.obj
c:\aeromap\lib\gdal-3.2.1\x64\release\gdalsimplewarp.obj
c:\aeromap\lib\gdal-3.2.1\x64\release\gdaltransformer.obj
c:\aeromap\lib\gdal-3.2.1\x64\release\gdaltransformgeolocs.obj
c:\aeromap\lib\gdal-3.2.1\x64\release\gdalvirtualmem.obj
c:\aeromap\lib\gdal-3.2.1\x64\release\gdalwarper.obj
c:\aeromap\lib\gdal-3.2.1\x64\release\gdalwarpkernel.obj
c:\aeromap\lib\gdal-3.2.1\x64\release\gdalwarpkernel_opencl.obj
c:\aeromap\lib\gdal-3.2.1\x64\release\gdalwarpoperation.obj
c:\aeromap\lib\gdal-3.2.1\x64\release\gdalwarp_lib.obj
c:\aeromap\lib\gdal-3.2.1\x64\release\gdal_crs.obj
c:\aeromap\lib\gdal-3.2.1\x64\release\gdal_grid_lib.obj
c:\aeromap\lib\gdal-3.2.1\x64\release\gdal_mdreader.obj
c:\aeromap\lib\gdal-3.2.1\x64\release\gdal_misc.obj
c:\aeromap\lib\gdal-3.2.1\x64\release\gdal_octave.obj
c:\aeromap\lib\gdal-3.2.1\x64\release\gdal_rasterize_lib.obj
c:\aeromap\lib\gdal-3.2.1\x64\release\gdal_rat.obj
c:\aeromap\lib\gdal-3.2.1\x64\release\gdal_rpc.obj
c:\aeromap\lib\gdal-3.2.1\x64\release\gdal_simplesurf.obj
c:\aeromap\lib\gdal-3.2.1\x64\release\gdal_thread_pool.obj
c:\aeromap\lib\gdal-3.2.1\x64\release\gdal_tps.obj
c:\aeromap\lib\gdal-3.2.1\x64\release\gdal_translate_lib.obj
c:\aeromap\lib\gdal-3.2.1\x64\release\geom.obj
c:\aeromap\lib\gdal-3.2.1\x64\release\geom2.obj
c:\aeromap\lib\gdal-3.2.1\x64\release\geotiff.obj
c:\aeromap\lib\gdal-3.2.1\x64\release\geotiff_proj4.obj
c:\aeromap\lib\gdal-3.2.1\x64\release\geo_extra.obj
c:\aeromap\lib\gdal-3.2.1\x64\release\geo_free.obj
c:\aeromap\lib\gdal-3.2.1\x64\release\geo_get.obj
c:\aeromap\lib\gdal-3.2.1\x64\release\geo_names.obj
c:\aeromap\lib\gdal-3.2.1\x64\release\geo_new.obj
c:\aeromap\lib\gdal-3.2.1\x64\release\geo_normalize.obj
c:\aeromap\lib\gdal-3.2.1\x64\release\geo_print.obj
c:\aeromap\lib\gdal-3.2.1\x64\release\geo_set.obj
c:\aeromap\lib\gdal-3.2.1\x64\release\geo_simpletags.obj
c:\aeromap\lib\gdal-3.2.1\x64\release\geo_tiffp.obj
c:\aeromap\lib\gdal-3.2.1\x64\release\geo_trans.obj
c:\aeromap\lib\gdal-3.2.1\x64\release\geo_write.obj
c:\aeromap\lib\gdal-3.2.1\x64\release\global.obj
c:\aeromap\lib\gdal-3.2.1\x64\release\gml2ogrgeometry.obj
c:\aeromap\lib\gdal-3.2.1\x64\release\gridlib.obj
c:\aeromap\lib\gdal-3.2.1\x64\release\gtm.obj
c:\aeromap\lib\gdal-3.2.1\x64\release\gtmtracklayer.obj
c:\aeromap\lib\gdal-3.2.1\x64\release\gtmwaypointlayer.obj
c:\aeromap\lib\gdal-3.2.1\x64\release\gt_citation.obj
c:\aeromap\lib\gdal-3.2.1\x64\release\gt_jpeg_copy.obj
c:\aeromap\lib\gdal-3.2.1\x64\release\gt_overview.obj
c:\aeromap\lib\gdal-3.2.1\x64\release\gt_wkt_srs.obj
c:\aeromap\lib\gdal-3.2.1\x64\release\gzio.obj
c:\aeromap\lib\gdal-3.2.1\x64\release\hf2dataset.obj
c:\aeromap\lib\gdal-3.2.1\x64\release\hfaband.obj
c:\aeromap\lib\gdal-3.2.1\x64\release\hfacompress.obj
c:\aeromap\lib\gdal-3.2.1\x64\release\hfadataset.obj
c:\aeromap\lib\gdal-3.2.1\x64\release\hfadictionary.obj
c:\aeromap\lib\gdal-3.2.1\x64\release\hfaentry.obj
c:\aeromap\lib\gdal-3.2.1\x64\release\hfafield.obj
c:\aeromap\lib\gdal-3.2.1\x64\release\hfaopen.obj
c:\aeromap\lib\gdal-3.2.1\x64\release\hfatype.obj
c:\aeromap\lib\gdal-3.2.1\x64\release\hfa_overviews.obj
c:\aeromap\lib\gdal-3.2.1\x64\release\huffman.obj
c:\aeromap\lib\gdal-3.2.1\x64\release\infback.obj
c:\aeromap\lib\gdal-3.2.1\x64\release\inffast.obj
c:\aeromap\lib\gdal-3.2.1\x64\release\inflate.obj
c:\aeromap\lib\gdal-3.2.1\x64\release\inftrees.obj
c:\aeromap\lib\gdal-3.2.1\x64\release\io.obj
c:\aeromap\lib\gdal-3.2.1\x64\release\jcapimin.obj
c:\aeromap\lib\gdal-3.2.1\x64\release\jcapistd.obj
c:\aeromap\lib\gdal-3.2.1\x64\release\jccoefct.obj
c:\aeromap\lib\gdal-3.2.1\x64\release\jccolor.obj
c:\aeromap\lib\gdal-3.2.1\x64\release\jcdctmgr.obj
c:\aeromap\lib\gdal-3.2.1\x64\release\jchuff.obj
c:\aeromap\lib\gdal-3.2.1\x64\release\jcinit.obj
c:\aeromap\lib\gdal-3.2.1\x64\release\jcmainct.obj
c:\aeromap\lib\gdal-3.2.1\x64\release\jcmarker.obj
c:\aeromap\lib\gdal-3.2.1\x64\release\jcmaster.obj
c:\aeromap\lib\gdal-3.2.1\x64\release\jcomapi.obj
c:\aeromap\lib\gdal-3.2.1\x64\release\jcparam.obj
c:\aeromap\lib\gdal-3.2.1\x64\release\jcphuff.obj
c:\aeromap\lib\gdal-3.2.1\x64\release\jcprepct.obj
c:\aeromap\lib\gdal-3.2.1\x64\release\jcsample.obj
c:\aeromap\lib\gdal-3.2.1\x64\release\jctrans.obj
c:\aeromap\lib\gdal-3.2.1\x64\release\jdapimin.obj
c:\aeromap\lib\gdal-3.2.1\x64\release\jdapistd.obj
c:\aeromap\lib\gdal-3.2.1\x64\release\jdatadst.obj
c:\aeromap\lib\gdal-3.2.1\x64\release\jdatasrc.obj
c:\aeromap\lib\gdal-3.2.1\x64\release\jdcoefct.obj
c:\aeromap\lib\gdal-3.2.1\x64\release\jdcolor.obj
c:\aeromap\lib\gdal-3.2.1\x64\release\jddctmgr.obj
c:\aeromap\lib\gdal-3.2.1\x64\release\jdhuff.obj
c:\aeromap\lib\gdal-3.2.1\x64\release\jdinput.obj
c:\aeromap\lib\gdal-3.2.1\x64\release\jdmainct.obj
c:\aeromap\lib\gdal-3.2.1\x64\release\jdmarker.obj
c:\aeromap\lib\gdal-3.2.1\x64\release\jdmaster.obj
c:\aeromap\lib\gdal-3.2.1\x64\release\jdmerge.obj
c:\aeromap\lib\gdal-3.2.1\x64\release\jdphuff.obj
c:\aeromap\lib\gdal-3.2.1\x64\release\jdpostct.obj
c:\aeromap\lib\gdal-3.2.1\x64\release\jdsample.obj
c:\aeromap\lib\gdal-3.2.1\x64\release\jdtrans.obj
c:\aeromap\lib\gdal-3.2.1\x64\release\jerror.obj
c:\aeromap\lib\gdal-3.2.1\x64\release\jfdctflt.obj
c:\aeromap\lib\gdal-3.2.1\x64\release\jfdctfst.obj
c:\aeromap\lib\gdal-3.2.1\x64\release\jfdctint.obj
c:\aeromap\lib\gdal-3.2.1\x64\release\jidctflt.obj
c:\aeromap\lib\gdal-3.2.1\x64\release\jidctfst.obj
c:\aeromap\lib\gdal-3.2.1\x64\release\jidctint.obj
c:\aeromap\lib\gdal-3.2.1\x64\release\jidctred.obj
c:\aeromap\lib\gdal-3.2.1\x64\release\jmemansi.obj
c:\aeromap\lib\gdal-3.2.1\x64\release\jmemmgr.obj
c:\aeromap\lib\gdal-3.2.1\x64\release\jpgdataset.obj
c:\aeromap\lib\gdal-3.2.1\x64\release\jpgdataset_12.obj
c:\aeromap\lib\gdal-3.2.1\x64\release\jquant1.obj
c:\aeromap\lib\gdal-3.2.1\x64\release\jquant2.obj
c:\aeromap\lib\gdal-3.2.1\x64\release\json_c_version.obj
c:\aeromap\lib\gdal-3.2.1\x64\release\json_object.obj
c:\aeromap\lib\gdal-3.2.1\x64\release\json_object_iterator.obj
c:\aeromap\lib\gdal-3.2.1\x64\release\json_tokener.obj
c:\aeromap\lib\gdal-3.2.1\x64\release\json_util.obj
c:\aeromap\lib\gdal-3.2.1\x64\release\jutils.obj
c:\aeromap\lib\gdal-3.2.1\x64\release\lerc.obj
c:\aeromap\lib\gdal-3.2.1\x64\release\lerc2.obj
c:\aeromap\lib\gdal-3.2.1\x64\release\lerc_c_api_impl.obj
c:\aeromap\lib\gdal-3.2.1\x64\release\libqhull.obj
c:\aeromap\lib\gdal-3.2.1\x64\release\linkhash.obj
c:\aeromap\lib\gdal-3.2.1\x64\release\llrasterize.obj
c:\aeromap\lib\gdal-3.2.1\x64\release\ll_recio.obj
c:\aeromap\lib\gdal-3.2.1\x64\release\mem.obj
c:\aeromap\lib\gdal-3.2.1\x64\release\memdataset.obj
c:\aeromap\lib\gdal-3.2.1\x64\release\merge.obj
c:\aeromap\lib\gdal-3.2.1\x64\release\mgrs.obj
c:\aeromap\lib\gdal-3.2.1\x64\release\mitab_bounds.obj
c:\aeromap\lib\gdal-3.2.1\x64\release\mitab_coordsys.obj
c:\aeromap\lib\gdal-3.2.1\x64\release\mitab_datfile.obj
c:\aeromap\lib\gdal-3.2.1\x64\release\mitab_feature.obj
c:\aeromap\lib\gdal-3.2.1\x64\release\mitab_feature_mif.obj
c:\aeromap\lib\gdal-3.2.1\x64\release\mitab_geometry.obj
c:\aeromap\lib\gdal-3.2.1\x64\release\mitab_idfile.obj
c:\aeromap\lib\gdal-3.2.1\x64\release\mitab_imapinfofile.obj
c:\aeromap\lib\gdal-3.2.1\x64\release\mitab_indfile.obj
c:\aeromap\lib\gdal-3.2.1\x64\release\mitab_mapcoordblock.obj
c:\aeromap\lib\gdal-3.2.1\x64\release\mitab_mapfile.obj
c:\aeromap\lib\gdal-3.2.1\x64\release\mitab_mapheaderblock.obj
c:\aeromap\lib\gdal-3.2.1\x64\release\mitab_mapindexblock.obj
c:\aeromap\lib\gdal-3.2.1\x64\release\mitab_mapobjectblock.obj
c:\aeromap\lib\gdal-3.2.1\x64\release\mitab_maptoolblock.obj
c:\aeromap\lib\gdal-3.2.1\x64\release\mitab_middatafile.obj
c:\aeromap\lib\gdal-3.2.1\x64\release\mitab_miffile.obj
c:\aeromap\lib\gdal-3.2.1\x64\release\mitab_ogr_datasource.obj
c:\aeromap\lib\gdal-3.2.1\x64\release\mitab_ogr_driver.obj
c:\aeromap\lib\gdal-3.2.1\x64\release\mitab_rawbinblock.obj
c:\aeromap\lib\gdal-3.2.1\x64\release\mitab_spatialref.obj
c:\aeromap\lib\gdal-3.2.1\x64\release\mitab_tabfile.obj
c:\aeromap\lib\gdal-3.2.1\x64\release\mitab_tabseamless.obj
c:\aeromap\lib\gdal-3.2.1\x64\release\mitab_tabview.obj
c:\aeromap\lib\gdal-3.2.1\x64\release\mitab_tooldef.obj
c:\aeromap\lib\gdal-3.2.1\x64\release\mitab_utils.obj
c:\aeromap\lib\gdal-3.2.1\x64\release\nasakeywordhandler.obj
c:\aeromap\lib\gdal-3.2.1\x64\release\ngsgeoiddataset.obj
c:\aeromap\lib\gdal-3.2.1\x64\release\nitfaridpcm.obj
c:\aeromap\lib\gdal-3.2.1\x64\release\nitfbilevel.obj
c:\aeromap\lib\gdal-3.2.1\x64\release\nitfdataset.obj
c:\aeromap\lib\gdal-3.2.1\x64\release\nitfdes.obj
c:\aeromap\lib\gdal-3.2.1\x64\release\nitffile.obj
c:\aeromap\lib\gdal-3.2.1\x64\release\nitfimage.obj
c:\aeromap\lib\gdal-3.2.1\x64\release\nitfrasterband.obj
c:\aeromap\lib\gdal-3.2.1\x64\release\nitfwritejpeg.obj
c:\aeromap\lib\gdal-3.2.1\x64\release\nitfwritejpeg_12.obj
c:\aeromap\lib\gdal-3.2.1\x64\release\nitf_gcprpc.obj
c:\aeromap\lib\gdal-3.2.1\x64\release\nulldataset.obj
c:\aeromap\lib\gdal-3.2.1\x64\release\ogr2gmlgeometry.obj
c:\aeromap\lib\gdal-3.2.1\x64\release\ogr2ogr_lib.obj
c:\aeromap\lib\gdal-3.2.1\x64\release\ograpispy.obj
c:\aeromap\lib\gdal-3.2.1\x64\release\ograrcgendatasource.obj
c:\aeromap\lib\gdal-3.2.1\x64\release\ograrcgendriver.obj
c:\aeromap\lib\gdal-3.2.1\x64\release\ograrcgenlayer.obj
c:\aeromap\lib\gdal-3.2.1\x64\release\ograssemblepolygon.obj
c:\aeromap\lib\gdal-3.2.1\x64\release\ogravcbindatasource.obj
c:\aeromap\lib\gdal-3.2.1\x64\release\ogravcbindriver.obj
c:\aeromap\lib\gdal-3.2.1\x64\release\ogravcbinlayer.obj
c:\aeromap\lib\gdal-3.2.1\x64\release\ogravcdatasource.obj
c:\aeromap\lib\gdal-3.2.1\x64\release\ogravce00datasource.obj
c:\aeromap\lib\gdal-3.2.1\x64\release\ogravce00driver.obj
c:\aeromap\lib\gdal-3.2.1\x64\release\ogravce00layer.obj
c:\aeromap\lib\gdal-3.2.1\x64\release\ogravclayer.obj
c:\aeromap\lib\gdal-3.2.1\x64\release\ogrbnadatasource.obj
c:\aeromap\lib\gdal-3.2.1\x64\release\ogrbnadriver.obj
c:\aeromap\lib\gdal-3.2.1\x64\release\ogrbnalayer.obj
c:\aeromap\lib\gdal-3.2.1\x64\release\ogrbnaparser.obj
c:\aeromap\lib\gdal-3.2.1\x64\release\ogrcircularstring.obj
c:\aeromap\lib\gdal-3.2.1\x64\release\ogrcompoundcurve.obj
c:\aeromap\lib\gdal-3.2.1\x64\release\ogrcsvdatasource.obj
c:\aeromap\lib\gdal-3.2.1\x64\release\ogrcsvdriver.obj
c:\aeromap\lib\gdal-3.2.1\x64\release\ogrcsvlayer.obj
c:\aeromap\lib\gdal-3.2.1\x64\release\ogrct.obj
c:\aeromap\lib\gdal-3.2.1\x64\release\ogrcurve.obj
c:\aeromap\lib\gdal-3.2.1\x64\release\ogrcurvecollection.obj
c:\aeromap\lib\gdal-3.2.1\x64\release\ogrcurvepolygon.obj
c:\aeromap\lib\gdal-3.2.1\x64\release\ogrdatasource.obj
c:\aeromap\lib\gdal-3.2.1\x64\release\ogreditablelayer.obj
c:\aeromap\lib\gdal-3.2.1\x64\release\ogremulatedtransaction.obj
c:\aeromap\lib\gdal-3.2.1\x64\release\ogresrijsondriver.obj
c:\aeromap\lib\gdal-3.2.1\x64\release\ogresrijsonreader.obj
c:\aeromap\lib\gdal-3.2.1\x64\release\ogrfeature.obj
c:\aeromap\lib\gdal-3.2.1\x64\release\ogrfeaturedefn.obj
c:\aeromap\lib\gdal-3.2.1\x64\release\ogrfeaturequery.obj
c:\aeromap\lib\gdal-3.2.1\x64\release\ogrfeaturestyle.obj
c:\aeromap\lib\gdal-3.2.1\x64\release\ogrfielddefn.obj
c:\aeromap\lib\gdal-3.2.1\x64\release\ogrgeojsondatasource.obj
c:\aeromap\lib\gdal-3.2.1\x64\release\ogrgeojsondriver.obj
c:\aeromap\lib\gdal-3.2.1\x64\release\ogrgeojsonlayer.obj
c:\aeromap\lib\gdal-3.2.1\x64\release\ogrgeojsonreader.obj
c:\aeromap\lib\gdal-3.2.1\x64\release\ogrgeojsonseqdriver.obj
c:\aeromap\lib\gdal-3.2.1\x64\release\ogrgeojsonutils.obj
c:\aeromap\lib\gdal-3.2.1\x64\release\ogrgeojsonwritelayer.obj
c:\aeromap\lib\gdal-3.2.1\x64\release\ogrgeojsonwriter.obj
c:\aeromap\lib\gdal-3.2.1\x64\release\ogrgeomediageometry.obj
c:\aeromap\lib\gdal-3.2.1\x64\release\ogrgeometry.obj
c:\aeromap\lib\gdal-3.2.1\x64\release\ogrgeometrycollection.obj
c:\aeromap\lib\gdal-3.2.1\x64\release\ogrgeometryfactory.obj
c:\aeromap\lib\gdal-3.2.1\x64\release\ogrgeomfielddefn.obj
c:\aeromap\lib\gdal-3.2.1\x64\release\ogrgtmdatasource.obj
c:\aeromap\lib\gdal-3.2.1\x64\release\ogrgtmdriver.obj
c:\aeromap\lib\gdal-3.2.1\x64\release\ogrgtmlayer.obj
c:\aeromap\lib\gdal-3.2.1\x64\release\ogrlayer.obj
c:\aeromap\lib\gdal-3.2.1\x64\release\ogrlayerdecorator.obj
c:\aeromap\lib\gdal-3.2.1\x64\release\ogrlayerpool.obj
c:\aeromap\lib\gdal-3.2.1\x64\release\ogrlinearring.obj
c:\aeromap\lib\gdal-3.2.1\x64\release\ogrlinestring.obj
c:\aeromap\lib\gdal-3.2.1\x64\release\ogrmemdatasource.obj
c:\aeromap\lib\gdal-3.2.1\x64\release\ogrmemdriver.obj
c:\aeromap\lib\gdal-3.2.1\x64\release\ogrmemlayer.obj
c:\aeromap\lib\gdal-3.2.1\x64\release\ogrmulticurve.obj
c:\aeromap\lib\gdal-3.2.1\x64\release\ogrmultilinestring.obj
c:\aeromap\lib\gdal-3.2.1\x64\release\ogrmultipoint.obj
c:\aeromap\lib\gdal-3.2.1\x64\release\ogrmultipolygon.obj
c:\aeromap\lib\gdal-3.2.1\x64\release\ogrmultisurface.obj
c:\aeromap\lib\gdal-3.2.1\x64\release\ogrmutexeddatasource.obj
c:\aeromap\lib\gdal-3.2.1\x64\release\ogrmutexedlayer.obj
c:\aeromap\lib\gdal-3.2.1\x64\release\ogropenfilegdbdatasource.obj
c:\aeromap\lib\gdal-3.2.1\x64\release\ogropenfilegdbdriver.obj
c:\aeromap\lib\gdal-3.2.1\x64\release\ogropenfilegdblayer.obj
c:\aeromap\lib\gdal-3.2.1\x64\release\ogrpgeogeometry.obj
c:\aeromap\lib\gdal-3.2.1\x64\release\ogrpoint.obj
c:\aeromap\lib\gdal-3.2.1\x64\release\ogrpolygon.obj
c:\aeromap\lib\gdal-3.2.1\x64\release\ogrpolyhedralsurface.obj
c:\aeromap\lib\gdal-3.2.1\x64\release\ogrrecdatasource.obj
c:\aeromap\lib\gdal-3.2.1\x64\release\ogrrecdriver.obj
c:\aeromap\lib\gdal-3.2.1\x64\release\ogrreclayer.obj
c:\aeromap\lib\gdal-3.2.1\x64\release\ogrregisterall.obj
c:\aeromap\lib\gdal-3.2.1\x64\release\ogrsdtsdatasource.obj
c:\aeromap\lib\gdal-3.2.1\x64\release\ogrsdtsdriver.obj
c:\aeromap\lib\gdal-3.2.1\x64\release\ogrsdtslayer.obj
c:\aeromap\lib\gdal-3.2.1\x64\release\ogrsfdriver.obj
c:\aeromap\lib\gdal-3.2.1\x64\release\ogrsfdriverregistrar.obj
c:\aeromap\lib\gdal-3.2.1\x64\release\ogrshapedatasource.obj
c:\aeromap\lib\gdal-3.2.1\x64\release\ogrshapedriver.obj
c:\aeromap\lib\gdal-3.2.1\x64\release\ogrshapelayer.obj
c:\aeromap\lib\gdal-3.2.1\x64\release\ogrspatialreference.obj
c:\aeromap\lib\gdal-3.2.1\x64\release\ogrsurface.obj
c:\aeromap\lib\gdal-3.2.1\x64\release\ogrtopojsondriver.obj
c:\aeromap\lib\gdal-3.2.1\x64\release\ogrtopojsonreader.obj
c:\aeromap\lib\gdal-3.2.1\x64\release\ogrtriangle.obj
c:\aeromap\lib\gdal-3.2.1\x64\release\ogrtriangulatedsurface.obj
c:\aeromap\lib\gdal-3.2.1\x64\release\ogrunionlayer.obj
c:\aeromap\lib\gdal-3.2.1\x64\release\ogrutils.obj
c:\aeromap\lib\gdal-3.2.1\x64\release\ogrvrtdatasource.obj
c:\aeromap\lib\gdal-3.2.1\x64\release\ogrvrtdriver.obj
c:\aeromap\lib\gdal-3.2.1\x64\release\ogrvrtlayer.obj
c:\aeromap\lib\gdal-3.2.1\x64\release\ogrwarpedlayer.obj
c:\aeromap\lib\gdal-3.2.1\x64\release\ogr_api.obj
c:\aeromap\lib\gdal-3.2.1\x64\release\ogr_attrind.obj
c:\aeromap\lib\gdal-3.2.1\x64\release\ogr_expat.obj
c:\aeromap\lib\gdal-3.2.1\x64\release\ogr_fromepsg.obj
c:\aeromap\lib\gdal-3.2.1\x64\release\ogr_gensql.obj
c:\aeromap\lib\gdal-3.2.1\x64\release\ogr_geocoding.obj
c:\aeromap\lib\gdal-3.2.1\x64\release\ogr_geo_utils.obj
c:\aeromap\lib\gdal-3.2.1\x64\release\ogr_miattrind.obj
c:\aeromap\lib\gdal-3.2.1\x64\release\ogr_proj_p.obj
c:\aeromap\lib\gdal-3.2.1\x64\release\ogr_srsnode.obj
c:\aeromap\lib\gdal-3.2.1\x64\release\ogr_srs_dict.obj
c:\aeromap\lib\gdal-3.2.1\x64\release\ogr_srs_erm.obj
c:\aeromap\lib\gdal-3.2.1\x64\release\ogr_srs_esri.obj
c:\aeromap\lib\gdal-3.2.1\x64\release\ogr_srs_ozi.obj
c:\aeromap\lib\gdal-3.2.1\x64\release\ogr_srs_panorama.obj
c:\aeromap\lib\gdal-3.2.1\x64\release\ogr_srs_pci.obj
c:\aeromap\lib\gdal-3.2.1\x64\release\ogr_srs_usgs.obj
c:\aeromap\lib\gdal-3.2.1\x64\release\ogr_srs_xml.obj
c:\aeromap\lib\gdal-3.2.1\x64\release\overview.obj
c:\aeromap\lib\gdal-3.2.1\x64\release\pixelfunctions.obj
c:\aeromap\lib\gdal-3.2.1\x64\release\png.obj
c:\aeromap\lib\gdal-3.2.1\x64\release\pngdataset.obj
c:\aeromap\lib\gdal-3.2.1\x64\release\pngerror.obj
c:\aeromap\lib\gdal-3.2.1\x64\release\pngget.obj
c:\aeromap\lib\gdal-3.2.1\x64\release\pngmem.obj
c:\aeromap\lib\gdal-3.2.1\x64\release\pngpread.obj
c:\aeromap\lib\gdal-3.2.1\x64\release\pngread.obj
c:\aeromap\lib\gdal-3.2.1\x64\release\pngrio.obj
c:\aeromap\lib\gdal-3.2.1\x64\release\pngrtran.obj
c:\aeromap\lib\gdal-3.2.1\x64\release\pngrutil.obj
c:\aeromap\lib\gdal-3.2.1\x64\release\pngset.obj
c:\aeromap\lib\gdal-3.2.1\x64\release\pngtrans.obj
c:\aeromap\lib\gdal-3.2.1\x64\release\pngwio.obj
c:\aeromap\lib\gdal-3.2.1\x64\release\pngwrite.obj
c:\aeromap\lib\gdal-3.2.1\x64\release\pngwtran.obj
c:\aeromap\lib\gdal-3.2.1\x64\release\pngwutil.obj
c:\aeromap\lib\gdal-3.2.1\x64\release\poly.obj
c:\aeromap\lib\gdal-3.2.1\x64\release\poly2.obj
c:\aeromap\lib\gdal-3.2.1\x64\release\polygonize.obj
c:\aeromap\lib\gdal-3.2.1\x64\release\printbuf.obj
c:\aeromap\lib\gdal-3.2.1\x64\release\qset.obj
c:\aeromap\lib\gdal-3.2.1\x64\release\random.obj
c:\aeromap\lib\gdal-3.2.1\x64\release\rasterfill.obj
c:\aeromap\lib\gdal-3.2.1\x64\release\rasterio.obj
c:\aeromap\lib\gdal-3.2.1\x64\release\rasterio_ssse3.obj
c:\aeromap\lib\gdal-3.2.1\x64\release\rawdataset.obj
c:\aeromap\lib\gdal-3.2.1\x64\release\rboxlib.obj
c:\aeromap\lib\gdal-3.2.1\x64\release\reader_alos.obj
c:\aeromap\lib\gdal-3.2.1\x64\release\reader_digital_globe.obj
c:\aeromap\lib\gdal-3.2.1\x64\release\reader_eros.obj
c:\aeromap\lib\gdal-3.2.1\x64\release\reader_geo_eye.obj
c:\aeromap\lib\gdal-3.2.1\x64\release\reader_kompsat.obj
c:\aeromap\lib\gdal-3.2.1\x64\release\reader_landsat.obj
c:\aeromap\lib\gdal-3.2.1\x64\release\reader_orb_view.obj
c:\aeromap\lib\gdal-3.2.1\x64\release\reader_pleiades.obj
c:\aeromap\lib\gdal-3.2.1\x64\release\reader_rapid_eye.obj
c:\aeromap\lib\gdal-3.2.1\x64\release\reader_rdk1.obj
c:\aeromap\lib\gdal-3.2.1\x64\release\reader_spot.obj
c:\aeromap\lib\gdal-3.2.1\x64\release\rle.obj
c:\aeromap\lib\gdal-3.2.1\x64\release\rpftocdataset.obj
c:\aeromap\lib\gdal-3.2.1\x64\release\rpftocfile.obj
c:\aeromap\lib\gdal-3.2.1\x64\release\sbnsearch.obj
c:\aeromap\lib\gdal-3.2.1\x64\release\sbnsearch_wrapper.obj
c:\aeromap\lib\gdal-3.2.1\x64\release\sdtsattrreader.obj
c:\aeromap\lib\gdal-3.2.1\x64\release\sdtscatd.obj
c:\aeromap\lib\gdal-3.2.1\x64\release\sdtsdataset.obj
c:\aeromap\lib\gdal-3.2.1\x64\release\sdtsindexedreader.obj
c:\aeromap\lib\gdal-3.2.1\x64\release\sdtsiref.obj
c:\aeromap\lib\gdal-3.2.1\x64\release\sdtslib.obj
c:\aeromap\lib\gdal-3.2.1\x64\release\sdtslinereader.obj
c:\aeromap\lib\gdal-3.2.1\x64\release\sdtspointreader.obj
c:\aeromap\lib\gdal-3.2.1\x64\release\sdtspolygonreader.obj
c:\aeromap\lib\gdal-3.2.1\x64\release\sdtsrasterreader.obj
c:\aeromap\lib\gdal-3.2.1\x64\release\sdtstransfer.obj
c:\aeromap\lib\gdal-3.2.1\x64\release\sdtsxref.obj
c:\aeromap\lib\gdal-3.2.1\x64\release\sentinel2dataset.obj
c:\aeromap\lib\gdal-3.2.1\x64\release\shape2ogr.obj
c:\aeromap\lib\gdal-3.2.1\x64\release\shpopen.obj
c:\aeromap\lib\gdal-3.2.1\x64\release\shpopen_wrapper.obj
c:\aeromap\lib\gdal-3.2.1\x64\release\shptree.obj
c:\aeromap\lib\gdal-3.2.1\x64\release\shptree_wrapper.obj
c:\aeromap\lib\gdal-3.2.1\x64\release\shp_vsi.obj
c:\aeromap\lib\gdal-3.2.1\x64\release\sigdemdataset.obj
c:\aeromap\lib\gdal-3.2.1\x64\release\srpdataset.obj
c:\aeromap\lib\gdal-3.2.1\x64\release\srtmhgtdataset.obj
c:\aeromap\lib\gdal-3.2.1\x64\release\stat.obj
c:\aeromap\lib\gdal-3.2.1\x64\release\swq.obj
c:\aeromap\lib\gdal-3.2.1\x64\release\swq_expr_node.obj
c:\aeromap\lib\gdal-3.2.1\x64\release\swq_op_general.obj
c:\aeromap\lib\gdal-3.2.1\x64\release\swq_op_registrar.obj
c:\aeromap\lib\gdal-3.2.1\x64\release\swq_parser.obj
c:\aeromap\lib\gdal-3.2.1\x64\release\swq_select.obj
c:\aeromap\lib\gdal-3.2.1\x64\release\tgadataset.obj
c:\aeromap\lib\gdal-3.2.1\x64\release\thinplatespline.obj
c:\aeromap\lib\gdal-3.2.1\x64\release\tifvsi.obj
c:\aeromap\lib\gdal-3.2.1\x64\release\tif_aux.obj
c:\aeromap\lib\gdal-3.2.1\x64\release\tif_close.obj
c:\aeromap\lib\gdal-3.2.1\x64\release\tif_codec.obj
c:\aeromap\lib\gdal-3.2.1\x64\release\tif_color.obj
c:\aeromap\lib\gdal-3.2.1\x64\release\tif_compress.obj
c:\aeromap\lib\gdal-3.2.1\x64\release\tif_dir.obj
c:\aeromap\lib\gdal-3.2.1\x64\release\tif_dirinfo.obj
c:\aeromap\lib\gdal-3.2.1\x64\release\tif_dirread.obj
c:\aeromap\lib\gdal-3.2.1\x64\release\tif_dirwrite.obj
c:\aeromap\lib\gdal-3.2.1\x64\release\tif_dumpmode.obj
c:\aeromap\lib\gdal-3.2.1\x64\release\tif_error.obj
c:\aeromap\lib\gdal-3.2.1\x64\release\tif_extension.obj
c:\aeromap\lib\gdal-3.2.1\x64\release\tif_fax3.obj
c:\aeromap\lib\gdal-3.2.1\x64\release\tif_fax3sm.obj
c:\aeromap\lib\gdal-3.2.1\x64\release\tif_float.obj
c:\aeromap\lib\gdal-3.2.1\x64\release\tif_flush.obj
c:\aeromap\lib\gdal-3.2.1\x64\release\tif_getimage.obj
c:\aeromap\lib\gdal-3.2.1\x64\release\tif_jpeg.obj
c:\aeromap\lib\gdal-3.2.1\x64\release\tif_jpeg_12.obj
c:\aeromap\lib\gdal-3.2.1\x64\release\tif_lerc.obj
c:\aeromap\lib\gdal-3.2.1\x64\release\tif_luv.obj
c:\aeromap\lib\gdal-3.2.1\x64\release\tif_lzma.obj
c:\aeromap\lib\gdal-3.2.1\x64\release\tif_lzw.obj
c:\aeromap\lib\gdal-3.2.1\x64\release\tif_next.obj
c:\aeromap\lib\gdal-3.2.1\x64\release\tif_ojpeg.obj
c:\aeromap\lib\gdal-3.2.1\x64\release\tif_open.obj
c:\aeromap\lib\gdal-3.2.1\x64\release\tif_packbits.obj
c:\aeromap\lib\gdal-3.2.1\x64\release\tif_pixarlog.obj
c:\aeromap\lib\gdal-3.2.1\x64\release\tif_predict.obj
c:\aeromap\lib\gdal-3.2.1\x64\release\tif_print.obj
c:\aeromap\lib\gdal-3.2.1\x64\release\tif_read.obj
c:\aeromap\lib\gdal-3.2.1\x64\release\tif_strip.obj
c:\aeromap\lib\gdal-3.2.1\x64\release\tif_swab.obj
c:\aeromap\lib\gdal-3.2.1\x64\release\tif_thunder.obj
c:\aeromap\lib\gdal-3.2.1\x64\release\tif_tile.obj
c:\aeromap\lib\gdal-3.2.1\x64\release\tif_version.obj
c:\aeromap\lib\gdal-3.2.1\x64\release\tif_vsi.obj
c:\aeromap\lib\gdal-3.2.1\x64\release\tif_warning.obj
c:\aeromap\lib\gdal-3.2.1\x64\release\tif_webp.obj
c:\aeromap\lib\gdal-3.2.1\x64\release\tif_write.obj
c:\aeromap\lib\gdal-3.2.1\x64\release\tif_zip.obj
c:\aeromap\lib\gdal-3.2.1\x64\release\tif_zstd.obj
c:\aeromap\lib\gdal-3.2.1\x64\release\tilematrixset.obj
c:\aeromap\lib\gdal-3.2.1\x64\release\trees.obj
c:\aeromap\lib\gdal-3.2.1\x64\release\uncompr.obj
c:\aeromap\lib\gdal-3.2.1\x64\release\user.obj
c:\aeromap\lib\gdal-3.2.1\x64\release\usermem.obj
c:\aeromap\lib\gdal-3.2.1\x64\release\userprintf.obj
c:\aeromap\lib\gdal-3.2.1\x64\release\userprintf_rbox.obj
c:\aeromap\lib\gdal-3.2.1\x64\release\usgsdemdataset.obj
c:\aeromap\lib\gdal-3.2.1\x64\release\usgsdem_create.obj
c:\aeromap\lib\gdal-3.2.1\x64\release\viewshed.obj
c:\aeromap\lib\gdal-3.2.1\x64\release\vrtdataset.obj
c:\aeromap\lib\gdal-3.2.1\x64\release\vrtderivedrasterband.obj
c:\aeromap\lib\gdal-3.2.1\x64\release\vrtdriver.obj
c:\aeromap\lib\gdal-3.2.1\x64\release\vrtfilters.obj
c:\aeromap\lib\gdal-3.2.1\x64\release\vrtmultidim.obj
c:\aeromap\lib\gdal-3.2.1\x64\release\vrtpansharpened.obj
c:\aeromap\lib\gdal-3.2.1\x64\release\vrtrasterband.obj
c:\aeromap\lib\gdal-3.2.1\x64\release\vrtrawrasterband.obj
c:\aeromap\lib\gdal-3.2.1\x64\release\vrtsourcedrasterband.obj
c:\aeromap\lib\gdal-3.2.1\x64\release\vrtsources.obj
c:\aeromap\lib\gdal-3.2.1\x64\release\vrtwarped.obj
c:\aeromap\lib\gdal-3.2.1\x64\release\vsidataio.obj
c:\aeromap\lib\gdal-3.2.1\x64\release\vsidataio_12.obj
c:\aeromap\lib\gdal-3.2.1\x64\release\xtiff.obj
c:\aeromap\lib\gdal-3.2.1\x64\release\xyzdataset.obj
c:\aeromap\lib\gdal-3.2.1\x64\release\zutil.obj
c:\aeromap\lib\gdal-3.2.1\x64\release\gdal.pdb
c:\aeromap\lib\gdal-3.2.1\x64\release\gdal.lib
c:\aeromap\lib\gdal-3.2.1\x64\release\gdal.tlog\cl.command.1.tlog
c:\aeromap\lib\gdal-3.2.1\x64\release\gdal.tlog\cl.read.1.tlog
c:\aeromap\lib\gdal-3.2.1\x64\release\gdal.tlog\cl.write.1.tlog
c:\aeromap\lib\gdal-3.2.1\x64\release\gdal.tlog\lib-link.read.1.tlog
c:\aeromap\lib\gdal-3.2.1\x64\release\gdal.tlog\lib-link.write.1.tlog
c:\aeromap\lib\gdal-3.2.1\x64\release\gdal.tlog\lib.command.1.tlog
