c:\devlib\cppunitlite\x64\release\cppunitlite.pdb
c:\devlib\cppunitlite\x64\release\testresult.obj
c:\devlib\cppunitlite\x64\release\testregistry.obj
c:\devlib\cppunitlite\x64\release\test.obj
c:\devlib\cppunitlite\x64\release\simplestring.obj
c:\devlib\cppunitlite\x64\release\failure.obj
c:\devlib\cppunitlite\x64\release\cppunitlite.lib
c:\aeromap\lib\cppunitlite\x64\release\failure.obj
c:\aeromap\lib\cppunitlite\x64\release\simplestring.obj
c:\aeromap\lib\cppunitlite\x64\release\test.obj
c:\aeromap\lib\cppunitlite\x64\release\testregistry.obj
c:\aeromap\lib\cppunitlite\x64\release\testresult.obj
c:\aeromap\lib\cppunitlite\x64\release\cppunitlite.pdb
c:\aeromap\lib\cppunitlite\\x64\release\cppunitlite.pdb
c:\aeromap\lib\cppunitlite\x64\release\cppunitlite.lib
c:\aeromap\lib\cppunitlite\x64\release\cppunitlite.tlog\cl.command.1.tlog
c:\aeromap\lib\cppunitlite\x64\release\cppunitlite.tlog\cl.read.1.tlog
c:\aeromap\lib\cppunitlite\x64\release\cppunitlite.tlog\cl.write.1.tlog
c:\aeromap\lib\cppunitlite\x64\release\cppunitlite.tlog\lib-link.read.1.tlog
c:\aeromap\lib\cppunitlite\x64\release\cppunitlite.tlog\lib-link.write.1.tlog
c:\aeromap\lib\cppunitlite\x64\release\cppunitlite.tlog\lib.command.1.tlog
