c:\devlib\pdal-2.3\x64\release\pdal.pdb
c:\devlib\pdal-2.3\x64\release\ferryfilter.obj
c:\devlib\pdal-2.3\x64\release\farthestpointsamplingfilter.obj
c:\devlib\pdal-2.3\x64\release\facerasterfilter.obj
c:\devlib\pdal-2.3\x64\release\estimaterankfilter.obj
c:\devlib\pdal-2.3\x64\release\elmfilter.obj
c:\devlib\pdal-2.3\x64\release\eigenvaluesfilter.obj
c:\devlib\pdal-2.3\x64\release\dividerfilter.obj
c:\devlib\pdal-2.3\x64\release\demfilter.obj
c:\devlib\pdal-2.3\x64\release\delaunayfilter.obj
c:\devlib\pdal-2.3\x64\release\decimationfilter.obj
c:\devlib\pdal-2.3\x64\release\dbscanfilter.obj
c:\devlib\pdal-2.3\x64\release\csfilter.obj
c:\devlib\pdal-2.3\x64\release\cropfilter.obj
c:\devlib\pdal-2.3\x64\release\covariancefeaturesfilter.obj
c:\devlib\pdal-2.3\x64\release\colorizationfilter.obj
c:\devlib\pdal-2.3\x64\release\colorinterpfilter.obj
c:\devlib\pdal-2.3\x64\release\clusterfilter.obj
c:\devlib\pdal-2.3\x64\release\chipperfilter.obj
c:\devlib\pdal-2.3\x64\release\assignfilter.obj
c:\devlib\pdal-2.3\x64\release\approximatecoplanarfilter.obj
c:\devlib\pdal-2.3\x64\release\mortonorderfilter.obj
c:\devlib\pdal-2.3\x64\release\mongoexpressionfilter.obj
c:\devlib\pdal-2.3\x64\release\miniballfilter.obj
c:\devlib\pdal-2.3\x64\release\mergefilter.obj
c:\devlib\pdal-2.3\x64\release\madfilter.obj
c:\devlib\pdal-2.3\x64\release\loffilter.obj
c:\devlib\pdal-2.3\x64\release\locatefilter.obj
c:\devlib\pdal-2.3\x64\release\lloydkmeansfilter.obj
c:\devlib\pdal-2.3\x64\release\litreefilter.obj
c:\devlib\pdal-2.3\x64\release\iterativeclosestpoint.obj
c:\devlib\pdal-2.3\x64\release\iqrfilter.obj
c:\devlib\pdal-2.3\x64\release\infofilter.obj
c:\devlib\pdal-2.3\x64\release\hexbinfilter.obj
c:\devlib\pdal-2.3\x64\release\headfilter.obj
c:\devlib\pdal-2.3\x64\release\hagnnfilter.obj
c:\devlib\pdal-2.3\x64\release\hagdemfilter.obj
c:\devlib\pdal-2.3\x64\release\hagdelaunayfilter.obj
c:\devlib\pdal-2.3\x64\release\groupbyfilter.obj
c:\devlib\pdal-2.3\x64\release\greedyprojection.obj
c:\devlib\pdal-2.3\x64\release\gpstimeconvert.obj
c:\devlib\pdal-2.3\x64\release\mathexpression.obj
c:\devlib\pdal-2.3\x64\release\lexer.obj
c:\devlib\pdal-2.3\x64\release\identexpression.obj
c:\devlib\pdal-2.3\x64\release\expression.obj
c:\devlib\pdal-2.3\x64\release\conditionalparser.obj
c:\devlib\pdal-2.3\x64\release\conditionalexpression.obj
c:\devlib\pdal-2.3\x64\release\baseparser.obj
c:\devlib\pdal-2.3\x64\release\assignstatement.obj
c:\devlib\pdal-2.3\x64\release\assignparser.obj
c:\devlib\pdal-2.3\x64\release\dimrange.obj
c:\devlib\pdal-2.3\x64\release\delaunator.obj
c:\devlib\pdal-2.3\x64\release\poissonfilter.obj
c:\devlib\pdal-2.3\x64\release\pmffilter.obj
c:\devlib\pdal-2.3\x64\release\planefitfilter.obj
c:\devlib\pdal-2.3\x64\release\overlayfilter.obj
c:\devlib\pdal-2.3\x64\release\outlierfilter.obj
c:\devlib\pdal-2.3\x64\release\optimalneighborhoodfilter.obj
c:\devlib\pdal-2.3\x64\release\normalfilter.obj
c:\devlib\pdal-2.3\x64\release\nndistancefilter.obj
c:\devlib\pdal-2.3\x64\release\neighborclassifierfilter.obj
c:\devlib\pdal-2.3\x64\release\skewnessbalancingfilter.obj
c:\devlib\pdal-2.3\x64\release\shellfilter.obj
c:\devlib\pdal-2.3\x64\release\separatescanlinefilter.obj
c:\devlib\pdal-2.3\x64\release\samplefilter.obj
c:\devlib\pdal-2.3\x64\release\returnsfilter.obj
c:\devlib\pdal-2.3\x64\release\reprojectionfilter.obj
c:\devlib\pdal-2.3\x64\release\relaxationdartthrowing.obj
c:\devlib\pdal-2.3\x64\release\reciprocityfilter.obj
c:\devlib\pdal-2.3\x64\release\rangefilter.obj
c:\devlib\pdal-2.3\x64\release\randomizefilter.obj
c:\devlib\pdal-2.3\x64\release\radialdensityfilter.obj
c:\devlib\pdal-2.3\x64\release\projpipelinefilter.obj
c:\devlib\pdal-2.3\x64\release\segmentation.obj
c:\devlib\pdal-2.3\x64\release\point.obj
c:\devlib\pdal-2.3\x64\release\segment.obj
c:\devlib\pdal-2.3\x64\release\processor.obj
c:\devlib\pdal-2.3\x64\release\hexerpath.obj
c:\devlib\pdal-2.3\x64\release\hexgrid.obj
c:\devlib\pdal-2.3\x64\release\hexagon.obj
c:\devlib\pdal-2.3\x64\release\mathparser.obj
c:\devlib\pdal-2.3\x64\release\gdalwriter.obj
c:\devlib\pdal-2.3\x64\release\gdalreader.obj
c:\devlib\pdal-2.3\x64\release\fauxreader.obj
c:\devlib\pdal-2.3\x64\release\eptreader.obj
c:\devlib\pdal-2.3\x64\release\eptaddonwriter.obj
c:\devlib\pdal-2.3\x64\release\bpfwriter.obj
c:\devlib\pdal-2.3\x64\release\bpfreader.obj
c:\devlib\pdal-2.3\x64\release\bpfheader.obj
c:\devlib\pdal-2.3\x64\release\bpfcompressor.obj
c:\devlib\pdal-2.3\x64\release\zsmoothfilter.obj
c:\devlib\pdal-2.3\x64\release\voxeldownsizefilter.obj
c:\devlib\pdal-2.3\x64\release\voxelcentroidnearestneighborfilter.obj
c:\devlib\pdal-2.3\x64\release\voxelcenternearestneighborfilter.obj
c:\devlib\pdal-2.3\x64\release\transformationfilter.obj
c:\devlib\pdal-2.3\x64\release\tailfilter.obj
c:\devlib\pdal-2.3\x64\release\streamcallbackfilter.obj
c:\devlib\pdal-2.3\x64\release\statsfilter.obj
c:\devlib\pdal-2.3\x64\release\splitterfilter.obj
c:\devlib\pdal-2.3\x64\release\sortfilter.obj
c:\devlib\pdal-2.3\x64\release\smrfilter.obj
c:\devlib\pdal-2.3\x64\release\connector.obj
c:\devlib\pdal-2.3\x64\release\addon.obj
c:\devlib\pdal-2.3\x64\release\plywriter.obj
c:\devlib\pdal-2.3\x64\release\plyreader.obj
c:\devlib\pdal-2.3\x64\release\pcdwriter.obj
c:\devlib\pdal-2.3\x64\release\pcdreader.obj
c:\devlib\pdal-2.3\x64\release\pcdheader.obj
c:\devlib\pdal-2.3\x64\release\optechreader.obj
c:\devlib\pdal-2.3\x64\release\ogrwriter.obj
c:\devlib\pdal-2.3\x64\release\objreader.obj
c:\devlib\pdal-2.3\x64\release\nullwriter.obj
c:\devlib\pdal-2.3\x64\release\memoryviewreader.obj
c:\devlib\pdal-2.3\x64\release\laswriter.obj
c:\devlib\pdal-2.3\x64\release\lasvlr.obj
c:\devlib\pdal-2.3\x64\release\lasutils.obj
c:\devlib\pdal-2.3\x64\release\lassummarydata.obj
c:\devlib\pdal-2.3\x64\release\lasreader.obj
c:\devlib\pdal-2.3\x64\release\lasheader.obj
c:\devlib\pdal-2.3\x64\release\gltfwriter.obj
c:\devlib\pdal-2.3\x64\release\geotiffsupport.obj
c:\devlib\pdal-2.3\x64\release\infokernel.obj
c:\devlib\pdal-2.3\x64\release\hausdorffkernel.obj
c:\devlib\pdal-2.3\x64\release\groundkernel.obj
c:\devlib\pdal-2.3\x64\release\evalkernel.obj
c:\devlib\pdal-2.3\x64\release\densitykernel.obj
c:\devlib\pdal-2.3\x64\release\deltakernel.obj
c:\devlib\pdal-2.3\x64\release\chamferkernel.obj
c:\devlib\pdal-2.3\x64\release\tindexreader.obj
c:\devlib\pdal-2.3\x64\release\textwriter.obj
c:\devlib\pdal-2.3\x64\release\textreader.obj
c:\devlib\pdal-2.3\x64\release\terrasolidreader.obj
c:\devlib\pdal-2.3\x64\release\sbetwriter.obj
c:\devlib\pdal-2.3\x64\release\sbetreader.obj
c:\devlib\pdal-2.3\x64\release\rasterwriter.obj
c:\devlib\pdal-2.3\x64\release\qfitreader.obj
c:\devlib\pdal-2.3\x64\release\ptsreader.obj
c:\devlib\pdal-2.3\x64\release\gdalgrid.obj
c:\devlib\pdal-2.3\x64\release\tilecontents.obj
c:\devlib\pdal-2.3\x64\release\fixedpointlayout.obj
c:\devlib\pdal-2.3\x64\release\eptinfo.obj
c:\devlib\pdal-2.3\x64\release\pdalutils.obj
c:\devlib\pdal-2.3\x64\release\options.obj
c:\devlib\pdal-2.3\x64\release\metadata.obj
c:\devlib\pdal-2.3\x64\release\log.obj
c:\devlib\pdal-2.3\x64\release\kernel.obj
c:\devlib\pdal-2.3\x64\release\kdindex.obj
c:\devlib\pdal-2.3\x64\release\gitsha.obj
c:\devlib\pdal-2.3\x64\release\geometry.obj
c:\devlib\pdal-2.3\x64\release\filter.obj
c:\devlib\pdal-2.3\x64\release\dynamiclibrary.obj
c:\devlib\pdal-2.3\x64\release\columnpointtable.obj
c:\devlib\pdal-2.3\x64\release\translatekernel.obj
c:\devlib\pdal-2.3\x64\release\tindexkernel.obj
c:\devlib\pdal-2.3\x64\release\tilekernel.obj
c:\devlib\pdal-2.3\x64\release\splitkernel.obj
c:\devlib\pdal-2.3\x64\release\sortkernel.obj
c:\devlib\pdal-2.3\x64\release\randomkernel.obj
c:\devlib\pdal-2.3\x64\release\ogr.obj
c:\devlib\pdal-2.3\x64\release\pipelinekernel.obj
c:\devlib\pdal-2.3\x64\release\mergekernel.obj
c:\devlib\pdal-2.3\x64\release\stagerunner.obj
c:\devlib\pdal-2.3\x64\release\srstransform.obj
c:\devlib\pdal-2.3\x64\release\raster.obj
c:\devlib\pdal-2.3\x64\release\mathutils.obj
c:\devlib\pdal-2.3\x64\release\spatialref.obj
c:\devlib\pdal-2.3\x64\release\gdalraster.obj
c:\devlib\pdal-2.3\x64\release\gdalutils.obj
c:\devlib\pdal-2.3\x64\release\errorhandler.obj
c:\devlib\pdal-2.3\x64\release\baseband.obj
c:\devlib\pdal-2.3\x64\release\polygon.obj
c:\devlib\pdal-2.3\x64\release\pointview.obj
c:\devlib\pdal-2.3\x64\release\pointtable.obj
c:\devlib\pdal-2.3\x64\release\pointlayout.obj
c:\devlib\pdal-2.3\x64\release\pluginmanager.obj
c:\devlib\pdal-2.3\x64\release\plugindirectory.obj
c:\devlib\pdal-2.3\x64\release\pipelinewriter.obj
c:\devlib\pdal-2.3\x64\release\pipelinereaderjson.obj
c:\devlib\pdal-2.3\x64\release\pipelinemanager.obj
c:\devlib\pdal-2.3\x64\release\pipelineexecutor.obj
c:\devlib\pdal-2.3\x64\release\pdal_config.obj
c:\devlib\pdal-2.3\x64\release\arbiter.obj
c:\devlib\pdal-2.3\x64\release\writer.obj
c:\devlib\pdal-2.3\x64\release\utils.obj
c:\devlib\pdal-2.3\x64\release\threadpool.obj
c:\devlib\pdal-2.3\x64\release\random.obj
c:\devlib\pdal-2.3\x64\release\georeference.obj
c:\devlib\pdal-2.3\x64\release\fileutils.obj
c:\devlib\pdal-2.3\x64\release\charbuf.obj
c:\devlib\pdal-2.3\x64\release\bounds.obj
c:\devlib\pdal-2.3\x64\release\backtrace.obj
c:\devlib\pdal-2.3\x64\release\subcommandkernel.obj
c:\devlib\pdal-2.3\x64\release\streamable.obj
c:\devlib\pdal-2.3\x64\release\stagefactory.obj
c:\devlib\pdal-2.3\x64\release\stageextensions.obj
c:\devlib\pdal-2.3\x64\release\stage.obj
c:\devlib\pdal-2.3\x64\release\srsbounds.obj
c:\devlib\pdal-2.3\x64\release\spatialreference.obj
c:\devlib\pdal-2.3\x64\release\scaling.obj
c:\devlib\pdal-2.3\x64\release\reader.obj
c:\devlib\pdal-2.3\x64\release\quadindex.obj
c:\devlib\pdal-2.3\x64\release\error_code.obj
c:\devlib\pdal-2.3\x64\release\windows_file_codecvt.obj
c:\devlib\pdal-2.3\x64\release\utf8_codecvt_facet.obj
c:\devlib\pdal-2.3\x64\release\unique_path.obj
c:\devlib\pdal-2.3\x64\release\portability.obj
c:\devlib\pdal-2.3\x64\release\path_traits.obj
c:\devlib\pdal-2.3\x64\release\path.obj
c:\devlib\pdal-2.3\x64\release\operations.obj
c:\devlib\pdal-2.3\x64\release\codecvt_error_category.obj
c:\devlib\pdal-2.3\x64\release\pdal.lib
c:\aeromap\lib\pdal-2.3\x64\release\addon.obj
c:\aeromap\lib\pdal-2.3\x64\release\approximatecoplanarfilter.obj
c:\aeromap\lib\pdal-2.3\x64\release\arbiter.obj
c:\aeromap\lib\pdal-2.3\x64\release\assignfilter.obj
c:\aeromap\lib\pdal-2.3\x64\release\assignparser.obj
c:\aeromap\lib\pdal-2.3\x64\release\assignstatement.obj
c:\aeromap\lib\pdal-2.3\x64\release\backtrace.obj
c:\aeromap\lib\pdal-2.3\x64\release\baseband.obj
c:\aeromap\lib\pdal-2.3\x64\release\baseparser.obj
c:\aeromap\lib\pdal-2.3\x64\release\bounds.obj
c:\aeromap\lib\pdal-2.3\x64\release\bpfcompressor.obj
c:\aeromap\lib\pdal-2.3\x64\release\bpfheader.obj
c:\aeromap\lib\pdal-2.3\x64\release\bpfreader.obj
c:\aeromap\lib\pdal-2.3\x64\release\bpfwriter.obj
c:\aeromap\lib\pdal-2.3\x64\release\chamferkernel.obj
c:\aeromap\lib\pdal-2.3\x64\release\charbuf.obj
c:\aeromap\lib\pdal-2.3\x64\release\chipperfilter.obj
c:\aeromap\lib\pdal-2.3\x64\release\clusterfilter.obj
c:\aeromap\lib\pdal-2.3\x64\release\codecvt_error_category.obj
c:\aeromap\lib\pdal-2.3\x64\release\colorinterpfilter.obj
c:\aeromap\lib\pdal-2.3\x64\release\colorizationfilter.obj
c:\aeromap\lib\pdal-2.3\x64\release\columnpointtable.obj
c:\aeromap\lib\pdal-2.3\x64\release\conditionalexpression.obj
c:\aeromap\lib\pdal-2.3\x64\release\conditionalparser.obj
c:\aeromap\lib\pdal-2.3\x64\release\connector.obj
c:\aeromap\lib\pdal-2.3\x64\release\covariancefeaturesfilter.obj
c:\aeromap\lib\pdal-2.3\x64\release\cropfilter.obj
c:\aeromap\lib\pdal-2.3\x64\release\csfilter.obj
c:\aeromap\lib\pdal-2.3\x64\release\dbscanfilter.obj
c:\aeromap\lib\pdal-2.3\x64\release\decimationfilter.obj
c:\aeromap\lib\pdal-2.3\x64\release\delaunator.obj
c:\aeromap\lib\pdal-2.3\x64\release\delaunayfilter.obj
c:\aeromap\lib\pdal-2.3\x64\release\deltakernel.obj
c:\aeromap\lib\pdal-2.3\x64\release\demfilter.obj
c:\aeromap\lib\pdal-2.3\x64\release\densitykernel.obj
c:\aeromap\lib\pdal-2.3\x64\release\dimrange.obj
c:\aeromap\lib\pdal-2.3\x64\release\dividerfilter.obj
c:\aeromap\lib\pdal-2.3\x64\release\dynamiclibrary.obj
c:\aeromap\lib\pdal-2.3\x64\release\eigenvaluesfilter.obj
c:\aeromap\lib\pdal-2.3\x64\release\elmfilter.obj
c:\aeromap\lib\pdal-2.3\x64\release\eptaddonwriter.obj
c:\aeromap\lib\pdal-2.3\x64\release\eptinfo.obj
c:\aeromap\lib\pdal-2.3\x64\release\eptreader.obj
c:\aeromap\lib\pdal-2.3\x64\release\errorhandler.obj
c:\aeromap\lib\pdal-2.3\x64\release\error_code.obj
c:\aeromap\lib\pdal-2.3\x64\release\estimaterankfilter.obj
c:\aeromap\lib\pdal-2.3\x64\release\evalkernel.obj
c:\aeromap\lib\pdal-2.3\x64\release\expression.obj
c:\aeromap\lib\pdal-2.3\x64\release\facerasterfilter.obj
c:\aeromap\lib\pdal-2.3\x64\release\farthestpointsamplingfilter.obj
c:\aeromap\lib\pdal-2.3\x64\release\fauxreader.obj
c:\aeromap\lib\pdal-2.3\x64\release\ferryfilter.obj
c:\aeromap\lib\pdal-2.3\x64\release\fileutils.obj
c:\aeromap\lib\pdal-2.3\x64\release\filter.obj
c:\aeromap\lib\pdal-2.3\x64\release\fixedpointlayout.obj
c:\aeromap\lib\pdal-2.3\x64\release\gdalgrid.obj
c:\aeromap\lib\pdal-2.3\x64\release\gdalraster.obj
c:\aeromap\lib\pdal-2.3\x64\release\gdalreader.obj
c:\aeromap\lib\pdal-2.3\x64\release\gdalutils.obj
c:\aeromap\lib\pdal-2.3\x64\release\gdalwriter.obj
c:\aeromap\lib\pdal-2.3\x64\release\geometry.obj
c:\aeromap\lib\pdal-2.3\x64\release\georeference.obj
c:\aeromap\lib\pdal-2.3\x64\release\geotiffsupport.obj
c:\aeromap\lib\pdal-2.3\x64\release\gitsha.obj
c:\aeromap\lib\pdal-2.3\x64\release\gltfwriter.obj
c:\aeromap\lib\pdal-2.3\x64\release\gpstimeconvert.obj
c:\aeromap\lib\pdal-2.3\x64\release\greedyprojection.obj
c:\aeromap\lib\pdal-2.3\x64\release\groundkernel.obj
c:\aeromap\lib\pdal-2.3\x64\release\groupbyfilter.obj
c:\aeromap\lib\pdal-2.3\x64\release\hagdelaunayfilter.obj
c:\aeromap\lib\pdal-2.3\x64\release\hagdemfilter.obj
c:\aeromap\lib\pdal-2.3\x64\release\hagnnfilter.obj
c:\aeromap\lib\pdal-2.3\x64\release\hausdorffkernel.obj
c:\aeromap\lib\pdal-2.3\x64\release\headfilter.obj
c:\aeromap\lib\pdal-2.3\x64\release\hexagon.obj
c:\aeromap\lib\pdal-2.3\x64\release\hexbinfilter.obj
c:\aeromap\lib\pdal-2.3\x64\release\hexerpath.obj
c:\aeromap\lib\pdal-2.3\x64\release\hexgrid.obj
c:\aeromap\lib\pdal-2.3\x64\release\identexpression.obj
c:\aeromap\lib\pdal-2.3\x64\release\infofilter.obj
c:\aeromap\lib\pdal-2.3\x64\release\infokernel.obj
c:\aeromap\lib\pdal-2.3\x64\release\iqrfilter.obj
c:\aeromap\lib\pdal-2.3\x64\release\iterativeclosestpoint.obj
c:\aeromap\lib\pdal-2.3\x64\release\kdindex.obj
c:\aeromap\lib\pdal-2.3\x64\release\kernel.obj
c:\aeromap\lib\pdal-2.3\x64\release\lasheader.obj
c:\aeromap\lib\pdal-2.3\x64\release\lasreader.obj
c:\aeromap\lib\pdal-2.3\x64\release\lassummarydata.obj
c:\aeromap\lib\pdal-2.3\x64\release\lasutils.obj
c:\aeromap\lib\pdal-2.3\x64\release\lasvlr.obj
c:\aeromap\lib\pdal-2.3\x64\release\laswriter.obj
c:\aeromap\lib\pdal-2.3\x64\release\lexer.obj
c:\aeromap\lib\pdal-2.3\x64\release\litreefilter.obj
c:\aeromap\lib\pdal-2.3\x64\release\lloydkmeansfilter.obj
c:\aeromap\lib\pdal-2.3\x64\release\locatefilter.obj
c:\aeromap\lib\pdal-2.3\x64\release\loffilter.obj
c:\aeromap\lib\pdal-2.3\x64\release\log.obj
c:\aeromap\lib\pdal-2.3\x64\release\madfilter.obj
c:\aeromap\lib\pdal-2.3\x64\release\mathexpression.obj
c:\aeromap\lib\pdal-2.3\x64\release\mathparser.obj
c:\aeromap\lib\pdal-2.3\x64\release\mathutils.obj
c:\aeromap\lib\pdal-2.3\x64\release\memoryviewreader.obj
c:\aeromap\lib\pdal-2.3\x64\release\mergefilter.obj
c:\aeromap\lib\pdal-2.3\x64\release\mergekernel.obj
c:\aeromap\lib\pdal-2.3\x64\release\metadata.obj
c:\aeromap\lib\pdal-2.3\x64\release\miniballfilter.obj
c:\aeromap\lib\pdal-2.3\x64\release\mongoexpressionfilter.obj
c:\aeromap\lib\pdal-2.3\x64\release\mortonorderfilter.obj
c:\aeromap\lib\pdal-2.3\x64\release\neighborclassifierfilter.obj
c:\aeromap\lib\pdal-2.3\x64\release\nndistancefilter.obj
c:\aeromap\lib\pdal-2.3\x64\release\normalfilter.obj
c:\aeromap\lib\pdal-2.3\x64\release\nullwriter.obj
c:\aeromap\lib\pdal-2.3\x64\release\objreader.obj
c:\aeromap\lib\pdal-2.3\x64\release\ogr.obj
c:\aeromap\lib\pdal-2.3\x64\release\ogrwriter.obj
c:\aeromap\lib\pdal-2.3\x64\release\operations.obj
c:\aeromap\lib\pdal-2.3\x64\release\optechreader.obj
c:\aeromap\lib\pdal-2.3\x64\release\optimalneighborhoodfilter.obj
c:\aeromap\lib\pdal-2.3\x64\release\options.obj
c:\aeromap\lib\pdal-2.3\x64\release\outlierfilter.obj
c:\aeromap\lib\pdal-2.3\x64\release\overlayfilter.obj
c:\aeromap\lib\pdal-2.3\x64\release\path.obj
c:\aeromap\lib\pdal-2.3\x64\release\path_traits.obj
c:\aeromap\lib\pdal-2.3\x64\release\pcdheader.obj
c:\aeromap\lib\pdal-2.3\x64\release\pcdreader.obj
c:\aeromap\lib\pdal-2.3\x64\release\pcdwriter.obj
c:\aeromap\lib\pdal-2.3\x64\release\pdalutils.obj
c:\aeromap\lib\pdal-2.3\x64\release\pdal_config.obj
c:\aeromap\lib\pdal-2.3\x64\release\pipelineexecutor.obj
c:\aeromap\lib\pdal-2.3\x64\release\pipelinekernel.obj
c:\aeromap\lib\pdal-2.3\x64\release\pipelinemanager.obj
c:\aeromap\lib\pdal-2.3\x64\release\pipelinereaderjson.obj
c:\aeromap\lib\pdal-2.3\x64\release\pipelinewriter.obj
c:\aeromap\lib\pdal-2.3\x64\release\planefitfilter.obj
c:\aeromap\lib\pdal-2.3\x64\release\plugindirectory.obj
c:\aeromap\lib\pdal-2.3\x64\release\pluginmanager.obj
c:\aeromap\lib\pdal-2.3\x64\release\plyreader.obj
c:\aeromap\lib\pdal-2.3\x64\release\plywriter.obj
c:\aeromap\lib\pdal-2.3\x64\release\pmffilter.obj
c:\aeromap\lib\pdal-2.3\x64\release\point.obj
c:\aeromap\lib\pdal-2.3\x64\release\pointlayout.obj
c:\aeromap\lib\pdal-2.3\x64\release\pointtable.obj
c:\aeromap\lib\pdal-2.3\x64\release\pointview.obj
c:\aeromap\lib\pdal-2.3\x64\release\poissonfilter.obj
c:\aeromap\lib\pdal-2.3\x64\release\polygon.obj
c:\aeromap\lib\pdal-2.3\x64\release\portability.obj
c:\aeromap\lib\pdal-2.3\x64\release\processor.obj
c:\aeromap\lib\pdal-2.3\x64\release\projpipelinefilter.obj
c:\aeromap\lib\pdal-2.3\x64\release\ptsreader.obj
c:\aeromap\lib\pdal-2.3\x64\release\qfitreader.obj
c:\aeromap\lib\pdal-2.3\x64\release\quadindex.obj
c:\aeromap\lib\pdal-2.3\x64\release\radialdensityfilter.obj
c:\aeromap\lib\pdal-2.3\x64\release\random.obj
c:\aeromap\lib\pdal-2.3\x64\release\randomizefilter.obj
c:\aeromap\lib\pdal-2.3\x64\release\randomkernel.obj
c:\aeromap\lib\pdal-2.3\x64\release\rangefilter.obj
c:\aeromap\lib\pdal-2.3\x64\release\raster.obj
c:\aeromap\lib\pdal-2.3\x64\release\rasterwriter.obj
c:\aeromap\lib\pdal-2.3\x64\release\reader.obj
c:\aeromap\lib\pdal-2.3\x64\release\reciprocityfilter.obj
c:\aeromap\lib\pdal-2.3\x64\release\relaxationdartthrowing.obj
c:\aeromap\lib\pdal-2.3\x64\release\reprojectionfilter.obj
c:\aeromap\lib\pdal-2.3\x64\release\returnsfilter.obj
c:\aeromap\lib\pdal-2.3\x64\release\samplefilter.obj
c:\aeromap\lib\pdal-2.3\x64\release\sbetreader.obj
c:\aeromap\lib\pdal-2.3\x64\release\sbetwriter.obj
c:\aeromap\lib\pdal-2.3\x64\release\scaling.obj
c:\aeromap\lib\pdal-2.3\x64\release\segment.obj
c:\aeromap\lib\pdal-2.3\x64\release\segmentation.obj
c:\aeromap\lib\pdal-2.3\x64\release\separatescanlinefilter.obj
c:\aeromap\lib\pdal-2.3\x64\release\shellfilter.obj
c:\aeromap\lib\pdal-2.3\x64\release\skewnessbalancingfilter.obj
c:\aeromap\lib\pdal-2.3\x64\release\smrfilter.obj
c:\aeromap\lib\pdal-2.3\x64\release\sortfilter.obj
c:\aeromap\lib\pdal-2.3\x64\release\sortkernel.obj
c:\aeromap\lib\pdal-2.3\x64\release\spatialref.obj
c:\aeromap\lib\pdal-2.3\x64\release\spatialreference.obj
c:\aeromap\lib\pdal-2.3\x64\release\splitkernel.obj
c:\aeromap\lib\pdal-2.3\x64\release\splitterfilter.obj
c:\aeromap\lib\pdal-2.3\x64\release\srsbounds.obj
c:\aeromap\lib\pdal-2.3\x64\release\srstransform.obj
c:\aeromap\lib\pdal-2.3\x64\release\stage.obj
c:\aeromap\lib\pdal-2.3\x64\release\stageextensions.obj
c:\aeromap\lib\pdal-2.3\x64\release\stagefactory.obj
c:\aeromap\lib\pdal-2.3\x64\release\stagerunner.obj
c:\aeromap\lib\pdal-2.3\x64\release\statsfilter.obj
c:\aeromap\lib\pdal-2.3\x64\release\streamable.obj
c:\aeromap\lib\pdal-2.3\x64\release\streamcallbackfilter.obj
c:\aeromap\lib\pdal-2.3\x64\release\subcommandkernel.obj
c:\aeromap\lib\pdal-2.3\x64\release\tailfilter.obj
c:\aeromap\lib\pdal-2.3\x64\release\terrasolidreader.obj
c:\aeromap\lib\pdal-2.3\x64\release\textreader.obj
c:\aeromap\lib\pdal-2.3\x64\release\textwriter.obj
c:\aeromap\lib\pdal-2.3\x64\release\threadpool.obj
c:\aeromap\lib\pdal-2.3\x64\release\tilecontents.obj
c:\aeromap\lib\pdal-2.3\x64\release\tilekernel.obj
c:\aeromap\lib\pdal-2.3\x64\release\tindexkernel.obj
c:\aeromap\lib\pdal-2.3\x64\release\tindexreader.obj
c:\aeromap\lib\pdal-2.3\x64\release\transformationfilter.obj
c:\aeromap\lib\pdal-2.3\x64\release\translatekernel.obj
c:\aeromap\lib\pdal-2.3\x64\release\unique_path.obj
c:\aeromap\lib\pdal-2.3\x64\release\utf8_codecvt_facet.obj
c:\aeromap\lib\pdal-2.3\x64\release\utils.obj
c:\aeromap\lib\pdal-2.3\x64\release\voxelcenternearestneighborfilter.obj
c:\aeromap\lib\pdal-2.3\x64\release\voxelcentroidnearestneighborfilter.obj
c:\aeromap\lib\pdal-2.3\x64\release\voxeldownsizefilter.obj
c:\aeromap\lib\pdal-2.3\x64\release\windows_file_codecvt.obj
c:\aeromap\lib\pdal-2.3\x64\release\writer.obj
c:\aeromap\lib\pdal-2.3\x64\release\zsmoothfilter.obj
c:\aeromap\lib\pdal-2.3\x64\release\pdal.pdb
c:\aeromap\lib\pdal-2.3\\x64\release\pdal.pdb
c:\aeromap\lib\pdal-2.3\x64\release\pdal.lib
c:\aeromap\lib\pdal-2.3\x64\release\pdal.tlog\cl.command.1.tlog
c:\aeromap\lib\pdal-2.3\x64\release\pdal.tlog\cl.read.1.tlog
c:\aeromap\lib\pdal-2.3\x64\release\pdal.tlog\cl.write.1.tlog
c:\aeromap\lib\pdal-2.3\x64\release\pdal.tlog\lib-link.read.1.tlog
c:\aeromap\lib\pdal-2.3\x64\release\pdal.tlog\lib-link.write.1.tlog
c:\aeromap\lib\pdal-2.3\x64\release\pdal.tlog\lib.command.1.tlog
