c:\devlib\proj-7.1.1\build_vs14_x64\src\x64\release\inv.obj
c:\devlib\proj-7.1.1\build_vs14_x64\src\x64\release\initcache.obj
c:\devlib\proj-7.1.1\build_vs14_x64\src\x64\release\init.obj
c:\devlib\proj-7.1.1\build_vs14_x64\src\x64\release\generic_inverse.obj
c:\devlib\proj-7.1.1\build_vs14_x64\src\x64\release\gauss.obj
c:\devlib\proj-7.1.1\build_vs14_x64\src\x64\release\fwd.obj
c:\devlib\proj-7.1.1\build_vs14_x64\src\x64\release\fileapi.obj
c:\devlib\proj-7.1.1\build_vs14_x64\src\x64\release\factors.obj
c:\devlib\proj-7.1.1\build_vs14_x64\src\x64\release\errno.obj
c:\devlib\proj-7.1.1\build_vs14_x64\src\x64\release\ellps.obj
c:\devlib\proj-7.1.1\build_vs14_x64\src\x64\release\ell_set.obj
c:\devlib\proj-7.1.1\build_vs14_x64\src\x64\release\dmstor.obj
c:\devlib\proj-7.1.1\build_vs14_x64\src\x64\release\deriv.obj
c:\devlib\proj-7.1.1\build_vs14_x64\src\x64\release\datums.obj
c:\devlib\proj-7.1.1\build_vs14_x64\src\x64\release\datum_set.obj
c:\devlib\proj-7.1.1\build_vs14_x64\src\x64\release\ctx.obj
c:\devlib\proj-7.1.1\build_vs14_x64\src\x64\release\auth.obj
c:\devlib\proj-7.1.1\build_vs14_x64\src\x64\release\adjlon.obj
c:\devlib\proj-7.1.1\build_vs14_x64\src\x64\release\aasincos.obj
c:\devlib\proj-7.1.1\build_vs14_x64\src\x64\release\4d_api.obj
c:\devlib\proj-7.1.1\build_vs14_x64\src\x64\release\utils.obj
c:\devlib\proj-7.1.1\build_vs14_x64\src\x64\release\units.obj
c:\devlib\proj-7.1.1\build_vs14_x64\src\x64\release\tsfn.obj
c:\devlib\proj-7.1.1\build_vs14_x64\src\x64\release\transform.obj
c:\devlib\proj-7.1.1\build_vs14_x64\src\x64\release\strtod.obj
c:\devlib\proj-7.1.1\build_vs14_x64\src\x64\release\strerrno.obj
c:\devlib\proj-7.1.1\build_vs14_x64\src\x64\release\rtodms.obj
c:\devlib\proj-7.1.1\build_vs14_x64\src\x64\release\release.obj
c:\devlib\proj-7.1.1\build_vs14_x64\src\x64\release\qsfn.obj
c:\devlib\proj-7.1.1\build_vs14_x64\src\x64\release\proj_mdist.obj
c:\devlib\proj-7.1.1\build_vs14_x64\src\x64\release\pr_list.obj
c:\devlib\proj-7.1.1\build_vs14_x64\src\x64\release\pipeline.obj
c:\devlib\proj-7.1.1\build_vs14_x64\src\x64\release\phi2.obj
c:\devlib\proj-7.1.1\build_vs14_x64\src\x64\release\param.obj
c:\devlib\proj-7.1.1\build_vs14_x64\src\x64\release\mutex.obj
c:\devlib\proj-7.1.1\build_vs14_x64\src\x64\release\msfn.obj
c:\devlib\proj-7.1.1\build_vs14_x64\src\x64\release\mlfn.obj
c:\devlib\proj-7.1.1\build_vs14_x64\src\x64\release\malloc.obj
c:\devlib\proj-7.1.1\build_vs14_x64\src\x64\release\log.obj
c:\devlib\proj-7.1.1\build_vs14_x64\src\x64\release\list.obj
c:\devlib\proj-7.1.1\build_vs14_x64\src\x64\release\gnom.obj
c:\devlib\proj-7.1.1\build_vs14_x64\src\x64\release\adams.obj
c:\devlib\proj-7.1.1\build_vs14_x64\src\x64\release\aeqd.obj
c:\devlib\proj-7.1.1\build_vs14_x64\src\x64\release\unitconvert.obj
c:\devlib\proj-7.1.1\build_vs14_x64\src\x64\release\set.obj
c:\devlib\proj-7.1.1\build_vs14_x64\src\x64\release\noop.obj
c:\devlib\proj-7.1.1\build_vs14_x64\src\x64\release\geocent.obj
c:\devlib\proj-7.1.1\build_vs14_x64\src\x64\release\geoc.obj
c:\devlib\proj-7.1.1\build_vs14_x64\src\x64\release\cart.obj
c:\devlib\proj-7.1.1\build_vs14_x64\src\x64\release\axisswap.obj
c:\devlib\proj-7.1.1\build_vs14_x64\src\x64\release\sqlite3_utils.obj
c:\devlib\proj-7.1.1\build_vs14_x64\src\x64\release\networkfilemanager.obj
c:\devlib\proj-7.1.1\build_vs14_x64\src\x64\release\filemanager.obj
c:\devlib\proj-7.1.1\build_vs14_x64\src\x64\release\grids.obj
c:\devlib\proj-7.1.1\build_vs14_x64\src\x64\release\tracing.obj
c:\devlib\proj-7.1.1\build_vs14_x64\src\x64\release\proj_json_streaming_writer.obj
c:\devlib\proj-7.1.1\build_vs14_x64\src\x64\release\zpoly1.obj
c:\devlib\proj-7.1.1\build_vs14_x64\src\x64\release\wkt_parser.obj
c:\devlib\proj-7.1.1\build_vs14_x64\src\x64\release\wkt2_parser.obj
c:\devlib\proj-7.1.1\build_vs14_x64\src\x64\release\wkt1_parser.obj
c:\devlib\proj-7.1.1\build_vs14_x64\src\x64\release\rouss.obj
c:\devlib\proj-7.1.1\build_vs14_x64\src\x64\release\sconics.obj
c:\devlib\proj-7.1.1\build_vs14_x64\src\x64\release\rpoly.obj
c:\devlib\proj-7.1.1\build_vs14_x64\src\x64\release\poly.obj
c:\devlib\proj-7.1.1\build_vs14_x64\src\x64\release\lcc.obj
c:\devlib\proj-7.1.1\build_vs14_x64\src\x64\release\krovak.obj
c:\devlib\proj-7.1.1\build_vs14_x64\src\x64\release\imw_p.obj
c:\devlib\proj-7.1.1\build_vs14_x64\src\x64\release\ccon.obj
c:\devlib\proj-7.1.1\build_vs14_x64\src\x64\release\isea.obj
c:\devlib\proj-7.1.1\build_vs14_x64\src\x64\release\eqdc.obj
c:\devlib\proj-7.1.1\build_vs14_x64\src\x64\release\bonne.obj
c:\devlib\proj-7.1.1\build_vs14_x64\src\x64\release\bipc.obj
c:\devlib\proj-7.1.1\build_vs14_x64\src\x64\release\aea.obj
c:\devlib\proj-7.1.1\build_vs14_x64\src\x64\release\sterea.obj
c:\devlib\proj-7.1.1\build_vs14_x64\src\x64\release\stere.obj
c:\devlib\proj-7.1.1\build_vs14_x64\src\x64\release\ortho.obj
c:\devlib\proj-7.1.1\build_vs14_x64\src\x64\release\nzmg.obj
c:\devlib\proj-7.1.1\build_vs14_x64\src\x64\release\nsper.obj
c:\devlib\proj-7.1.1\build_vs14_x64\src\x64\release\mod_ster.obj
c:\devlib\proj-7.1.1\build_vs14_x64\src\x64\release\laea.obj
c:\devlib\proj-7.1.1\build_vs14_x64\src\x64\release\aitoff.obj
c:\devlib\proj-7.1.1\build_vs14_x64\src\x64\release\airy.obj
c:\devlib\proj-7.1.1\build_vs14_x64\src\x64\release\tobmerc.obj
c:\devlib\proj-7.1.1\build_vs14_x64\src\x64\release\tmerc.obj
c:\devlib\proj-7.1.1\build_vs14_x64\src\x64\release\times.obj
c:\devlib\proj-7.1.1\build_vs14_x64\src\x64\release\tcea.obj
c:\devlib\proj-7.1.1\build_vs14_x64\src\x64\release\tcc.obj
c:\devlib\proj-7.1.1\build_vs14_x64\src\x64\release\somerc.obj
c:\devlib\proj-7.1.1\build_vs14_x64\src\x64\release\omerc.obj
c:\devlib\proj-7.1.1\build_vs14_x64\src\x64\release\ocea.obj
c:\devlib\proj-7.1.1\build_vs14_x64\src\x64\release\mill.obj
c:\devlib\proj-7.1.1\build_vs14_x64\src\x64\release\merc.obj
c:\devlib\proj-7.1.1\build_vs14_x64\src\x64\release\misrsom.obj
c:\devlib\proj-7.1.1\build_vs14_x64\src\x64\release\lsat.obj
c:\devlib\proj-7.1.1\build_vs14_x64\src\x64\release\labrd.obj
c:\devlib\proj-7.1.1\build_vs14_x64\src\x64\release\gall.obj
c:\devlib\proj-7.1.1\build_vs14_x64\src\x64\release\eqc.obj
c:\devlib\proj-7.1.1\build_vs14_x64\src\x64\release\cea.obj
c:\devlib\proj-7.1.1\build_vs14_x64\src\x64\release\cc.obj
c:\devlib\proj-7.1.1\build_vs14_x64\src\x64\release\cass.obj
c:\devlib\proj-7.1.1\build_vs14_x64\src\x64\release\boggs.obj
c:\devlib\proj-7.1.1\build_vs14_x64\src\x64\release\geos.obj
c:\devlib\proj-7.1.1\build_vs14_x64\src\x64\release\lcca.obj
c:\devlib\proj-7.1.1\build_vs14_x64\src\x64\release\wag7.obj
c:\devlib\proj-7.1.1\build_vs14_x64\src\x64\release\vandg4.obj
c:\devlib\proj-7.1.1\build_vs14_x64\src\x64\release\vandg2.obj
c:\devlib\proj-7.1.1\build_vs14_x64\src\x64\release\vandg.obj
c:\devlib\proj-7.1.1\build_vs14_x64\src\x64\release\tpeqd.obj
c:\devlib\proj-7.1.1\build_vs14_x64\src\x64\release\oea.obj
c:\devlib\proj-7.1.1\build_vs14_x64\src\x64\release\ob_tran.obj
c:\devlib\proj-7.1.1\build_vs14_x64\src\x64\release\nicol.obj
c:\devlib\proj-7.1.1\build_vs14_x64\src\x64\release\latlong.obj
c:\devlib\proj-7.1.1\build_vs14_x64\src\x64\release\lask.obj
c:\devlib\proj-7.1.1\build_vs14_x64\src\x64\release\larr.obj
c:\devlib\proj-7.1.1\build_vs14_x64\src\x64\release\lagrng.obj
c:\devlib\proj-7.1.1\build_vs14_x64\src\x64\release\hammer.obj
c:\devlib\proj-7.1.1\build_vs14_x64\src\x64\release\chamb.obj
c:\devlib\proj-7.1.1\build_vs14_x64\src\x64\release\bertin1953.obj
c:\devlib\proj-7.1.1\build_vs14_x64\src\x64\release\bacon.obj
c:\devlib\proj-7.1.1\build_vs14_x64\src\x64\release\august.obj
c:\devlib\proj-7.1.1\build_vs14_x64\src\x64\release\mbt_fps.obj
c:\devlib\proj-7.1.1\build_vs14_x64\src\x64\release\loxim.obj
c:\devlib\proj-7.1.1\build_vs14_x64\src\x64\release\hatano.obj
c:\devlib\proj-7.1.1\build_vs14_x64\src\x64\release\igh_o.obj
c:\devlib\proj-7.1.1\build_vs14_x64\src\x64\release\igh.obj
c:\devlib\proj-7.1.1\build_vs14_x64\src\x64\release\goode.obj
c:\devlib\proj-7.1.1\build_vs14_x64\src\x64\release\gn_sinu.obj
c:\devlib\proj-7.1.1\build_vs14_x64\src\x64\release\gstmerc.obj
c:\devlib\proj-7.1.1\build_vs14_x64\src\x64\release\gins8.obj
c:\devlib\proj-7.1.1\build_vs14_x64\src\x64\release\fouc_s.obj
c:\devlib\proj-7.1.1\build_vs14_x64\src\x64\release\fahey.obj
c:\devlib\proj-7.1.1\build_vs14_x64\src\x64\release\eck5.obj
c:\devlib\proj-7.1.1\build_vs14_x64\src\x64\release\eck4.obj
c:\devlib\proj-7.1.1\build_vs14_x64\src\x64\release\eck3.obj
c:\devlib\proj-7.1.1\build_vs14_x64\src\x64\release\eck2.obj
c:\devlib\proj-7.1.1\build_vs14_x64\src\x64\release\eck1.obj
c:\devlib\proj-7.1.1\build_vs14_x64\src\x64\release\denoy.obj
c:\devlib\proj-7.1.1\build_vs14_x64\src\x64\release\crast.obj
c:\devlib\proj-7.1.1\build_vs14_x64\src\x64\release\comill.obj
c:\devlib\proj-7.1.1\build_vs14_x64\src\x64\release\collg.obj
c:\devlib\proj-7.1.1\build_vs14_x64\src\x64\release\wink1.obj
c:\devlib\proj-7.1.1\build_vs14_x64\src\x64\release\wag3.obj
c:\devlib\proj-7.1.1\build_vs14_x64\src\x64\release\wag2.obj
c:\devlib\proj-7.1.1\build_vs14_x64\src\x64\release\urmfps.obj
c:\devlib\proj-7.1.1\build_vs14_x64\src\x64\release\urm5.obj
c:\devlib\proj-7.1.1\build_vs14_x64\src\x64\release\sts.obj
c:\devlib\proj-7.1.1\build_vs14_x64\src\x64\release\sch.obj
c:\devlib\proj-7.1.1\build_vs14_x64\src\x64\release\robin.obj
c:\devlib\proj-7.1.1\build_vs14_x64\src\x64\release\qsc.obj
c:\devlib\proj-7.1.1\build_vs14_x64\src\x64\release\putp6.obj
c:\devlib\proj-7.1.1\build_vs14_x64\src\x64\release\putp5.obj
c:\devlib\proj-7.1.1\build_vs14_x64\src\x64\release\putp4p.obj
c:\devlib\proj-7.1.1\build_vs14_x64\src\x64\release\putp3.obj
c:\devlib\proj-7.1.1\build_vs14_x64\src\x64\release\putp2.obj
c:\devlib\proj-7.1.1\build_vs14_x64\src\x64\release\patterson.obj
c:\devlib\proj-7.1.1\build_vs14_x64\src\x64\release\nell_h.obj
c:\devlib\proj-7.1.1\build_vs14_x64\src\x64\release\nell.obj
c:\devlib\proj-7.1.1\build_vs14_x64\src\x64\release\moll.obj
c:\devlib\proj-7.1.1\build_vs14_x64\src\x64\release\mbtfpq.obj
c:\devlib\proj-7.1.1\build_vs14_x64\src\x64\release\mbtfpp.obj
c:\devlib\proj-7.1.1\build_vs14_x64\src\x64\release\crs.obj
c:\devlib\proj-7.1.1\build_vs14_x64\src\x64\release\common.obj
c:\devlib\proj-7.1.1\build_vs14_x64\src\x64\release\metadata.obj
c:\devlib\proj-7.1.1\build_vs14_x64\src\x64\release\util.obj
c:\devlib\proj-7.1.1\build_vs14_x64\src\x64\release\static.obj
c:\devlib\proj-7.1.1\build_vs14_x64\src\x64\release\defmodel.obj
c:\devlib\proj-7.1.1\build_vs14_x64\src\x64\release\xyzgridshift.obj
c:\devlib\proj-7.1.1\build_vs14_x64\src\x64\release\vgridshift.obj
c:\devlib\proj-7.1.1\build_vs14_x64\src\x64\release\molodensky.obj
c:\devlib\proj-7.1.1\build_vs14_x64\src\x64\release\horner.obj
c:\devlib\proj-7.1.1\build_vs14_x64\src\x64\release\hgridshift.obj
c:\devlib\proj-7.1.1\build_vs14_x64\src\x64\release\helmert.obj
c:\devlib\proj-7.1.1\build_vs14_x64\src\x64\release\deformation.obj
c:\devlib\proj-7.1.1\build_vs14_x64\src\x64\release\affine.obj
c:\devlib\proj-7.1.1\build_vs14_x64\src\x64\release\eqearth.obj
c:\devlib\proj-7.1.1\build_vs14_x64\src\x64\release\calcofi.obj
c:\devlib\proj-7.1.1\build_vs14_x64\src\x64\release\natearth2.obj
c:\devlib\proj-7.1.1\build_vs14_x64\src\x64\release\natearth.obj
c:\devlib\proj-7.1.1\build_vs14_x64\src\x64\release\healpix.obj
c:\devlib\proj-7.1.1\build_vs14_x64\src\x64\release\wink2.obj
c:\devlib\proj-7.1.1\build_vs14_x64\src\x64\release\c_api.obj
c:\devlib\proj-7.1.1\build_vs14_x64\src\x64\release\factory.obj
c:\devlib\proj-7.1.1\build_vs14_x64\src\x64\release\io.obj
c:\devlib\proj-7.1.1\build_vs14_x64\src\x64\release\coordinateoperation.obj
c:\devlib\proj-7.1.1\build_vs14_x64\src\x64\release\coordinatesystem.obj
c:\devlib\proj-7.1.1\build_vs14_x64\src\x64\release\datum.obj
c:\devlib\proj-7.1.1\build_vs14_x64\src\x64\release\wkt2_generated_parser.obj
c:\devlib\proj-7.1.1\build_vs14_x64\src\x64\release\wkt1_generated_parser.obj
c:\devlib\proj-7.1.1\build_vs14_x64\src\x64\release\geodesic.obj
c:\devlib\proj-7.1.1\build_vs14_x64\src\x64\release\internal.cpp.obj
c:\devlib\proj-7.1.1\build_vs14_x64\src\x64\release\iso19111\internal.cpp.obj
c:\devlib\proj-7.1.1\build_vs14_x64\src\x64\release\proj.lib
c:\aeromap\lib\proj-7.1.1\build_vs14_x64\src\x64\release\4d_api.obj
c:\aeromap\lib\proj-7.1.1\build_vs14_x64\src\x64\release\aasincos.obj
c:\aeromap\lib\proj-7.1.1\build_vs14_x64\src\x64\release\adams.obj
c:\aeromap\lib\proj-7.1.1\build_vs14_x64\src\x64\release\adjlon.obj
c:\aeromap\lib\proj-7.1.1\build_vs14_x64\src\x64\release\aea.obj
c:\aeromap\lib\proj-7.1.1\build_vs14_x64\src\x64\release\aeqd.obj
c:\aeromap\lib\proj-7.1.1\build_vs14_x64\src\x64\release\affine.obj
c:\aeromap\lib\proj-7.1.1\build_vs14_x64\src\x64\release\airy.obj
c:\aeromap\lib\proj-7.1.1\build_vs14_x64\src\x64\release\aitoff.obj
c:\aeromap\lib\proj-7.1.1\build_vs14_x64\src\x64\release\august.obj
c:\aeromap\lib\proj-7.1.1\build_vs14_x64\src\x64\release\auth.obj
c:\aeromap\lib\proj-7.1.1\build_vs14_x64\src\x64\release\axisswap.obj
c:\aeromap\lib\proj-7.1.1\build_vs14_x64\src\x64\release\bacon.obj
c:\aeromap\lib\proj-7.1.1\build_vs14_x64\src\x64\release\bertin1953.obj
c:\aeromap\lib\proj-7.1.1\build_vs14_x64\src\x64\release\bipc.obj
c:\aeromap\lib\proj-7.1.1\build_vs14_x64\src\x64\release\boggs.obj
c:\aeromap\lib\proj-7.1.1\build_vs14_x64\src\x64\release\bonne.obj
c:\aeromap\lib\proj-7.1.1\build_vs14_x64\src\x64\release\calcofi.obj
c:\aeromap\lib\proj-7.1.1\build_vs14_x64\src\x64\release\cart.obj
c:\aeromap\lib\proj-7.1.1\build_vs14_x64\src\x64\release\cass.obj
c:\aeromap\lib\proj-7.1.1\build_vs14_x64\src\x64\release\cc.obj
c:\aeromap\lib\proj-7.1.1\build_vs14_x64\src\x64\release\ccon.obj
c:\aeromap\lib\proj-7.1.1\build_vs14_x64\src\x64\release\cea.obj
c:\aeromap\lib\proj-7.1.1\build_vs14_x64\src\x64\release\chamb.obj
c:\aeromap\lib\proj-7.1.1\build_vs14_x64\src\x64\release\collg.obj
c:\aeromap\lib\proj-7.1.1\build_vs14_x64\src\x64\release\comill.obj
c:\aeromap\lib\proj-7.1.1\build_vs14_x64\src\x64\release\common.obj
c:\aeromap\lib\proj-7.1.1\build_vs14_x64\src\x64\release\coordinateoperation.obj
c:\aeromap\lib\proj-7.1.1\build_vs14_x64\src\x64\release\coordinatesystem.obj
c:\aeromap\lib\proj-7.1.1\build_vs14_x64\src\x64\release\crast.obj
c:\aeromap\lib\proj-7.1.1\build_vs14_x64\src\x64\release\crs.obj
c:\aeromap\lib\proj-7.1.1\build_vs14_x64\src\x64\release\ctx.obj
c:\aeromap\lib\proj-7.1.1\build_vs14_x64\src\x64\release\c_api.obj
c:\aeromap\lib\proj-7.1.1\build_vs14_x64\src\x64\release\datum.obj
c:\aeromap\lib\proj-7.1.1\build_vs14_x64\src\x64\release\datums.obj
c:\aeromap\lib\proj-7.1.1\build_vs14_x64\src\x64\release\datum_set.obj
c:\aeromap\lib\proj-7.1.1\build_vs14_x64\src\x64\release\defmodel.obj
c:\aeromap\lib\proj-7.1.1\build_vs14_x64\src\x64\release\deformation.obj
c:\aeromap\lib\proj-7.1.1\build_vs14_x64\src\x64\release\denoy.obj
c:\aeromap\lib\proj-7.1.1\build_vs14_x64\src\x64\release\deriv.obj
c:\aeromap\lib\proj-7.1.1\build_vs14_x64\src\x64\release\dmstor.obj
c:\aeromap\lib\proj-7.1.1\build_vs14_x64\src\x64\release\eck1.obj
c:\aeromap\lib\proj-7.1.1\build_vs14_x64\src\x64\release\eck2.obj
c:\aeromap\lib\proj-7.1.1\build_vs14_x64\src\x64\release\eck3.obj
c:\aeromap\lib\proj-7.1.1\build_vs14_x64\src\x64\release\eck4.obj
c:\aeromap\lib\proj-7.1.1\build_vs14_x64\src\x64\release\eck5.obj
c:\aeromap\lib\proj-7.1.1\build_vs14_x64\src\x64\release\ellps.obj
c:\aeromap\lib\proj-7.1.1\build_vs14_x64\src\x64\release\ell_set.obj
c:\aeromap\lib\proj-7.1.1\build_vs14_x64\src\x64\release\eqc.obj
c:\aeromap\lib\proj-7.1.1\build_vs14_x64\src\x64\release\eqdc.obj
c:\aeromap\lib\proj-7.1.1\build_vs14_x64\src\x64\release\eqearth.obj
c:\aeromap\lib\proj-7.1.1\build_vs14_x64\src\x64\release\errno.obj
c:\aeromap\lib\proj-7.1.1\build_vs14_x64\src\x64\release\factors.obj
c:\aeromap\lib\proj-7.1.1\build_vs14_x64\src\x64\release\factory.obj
c:\aeromap\lib\proj-7.1.1\build_vs14_x64\src\x64\release\fahey.obj
c:\aeromap\lib\proj-7.1.1\build_vs14_x64\src\x64\release\fileapi.obj
c:\aeromap\lib\proj-7.1.1\build_vs14_x64\src\x64\release\filemanager.obj
c:\aeromap\lib\proj-7.1.1\build_vs14_x64\src\x64\release\fouc_s.obj
c:\aeromap\lib\proj-7.1.1\build_vs14_x64\src\x64\release\fwd.obj
c:\aeromap\lib\proj-7.1.1\build_vs14_x64\src\x64\release\gall.obj
c:\aeromap\lib\proj-7.1.1\build_vs14_x64\src\x64\release\gauss.obj
c:\aeromap\lib\proj-7.1.1\build_vs14_x64\src\x64\release\generic_inverse.obj
c:\aeromap\lib\proj-7.1.1\build_vs14_x64\src\x64\release\geoc.obj
c:\aeromap\lib\proj-7.1.1\build_vs14_x64\src\x64\release\geocent.obj
c:\aeromap\lib\proj-7.1.1\build_vs14_x64\src\x64\release\geodesic.obj
c:\aeromap\lib\proj-7.1.1\build_vs14_x64\src\x64\release\geos.obj
c:\aeromap\lib\proj-7.1.1\build_vs14_x64\src\x64\release\gins8.obj
c:\aeromap\lib\proj-7.1.1\build_vs14_x64\src\x64\release\gnom.obj
c:\aeromap\lib\proj-7.1.1\build_vs14_x64\src\x64\release\gn_sinu.obj
c:\aeromap\lib\proj-7.1.1\build_vs14_x64\src\x64\release\goode.obj
c:\aeromap\lib\proj-7.1.1\build_vs14_x64\src\x64\release\grids.obj
c:\aeromap\lib\proj-7.1.1\build_vs14_x64\src\x64\release\gstmerc.obj
c:\aeromap\lib\proj-7.1.1\build_vs14_x64\src\x64\release\hammer.obj
c:\aeromap\lib\proj-7.1.1\build_vs14_x64\src\x64\release\hatano.obj
c:\aeromap\lib\proj-7.1.1\build_vs14_x64\src\x64\release\healpix.obj
c:\aeromap\lib\proj-7.1.1\build_vs14_x64\src\x64\release\helmert.obj
c:\aeromap\lib\proj-7.1.1\build_vs14_x64\src\x64\release\hgridshift.obj
c:\aeromap\lib\proj-7.1.1\build_vs14_x64\src\x64\release\horner.obj
c:\aeromap\lib\proj-7.1.1\build_vs14_x64\src\x64\release\igh.obj
c:\aeromap\lib\proj-7.1.1\build_vs14_x64\src\x64\release\igh_o.obj
c:\aeromap\lib\proj-7.1.1\build_vs14_x64\src\x64\release\imw_p.obj
c:\aeromap\lib\proj-7.1.1\build_vs14_x64\src\x64\release\init.obj
c:\aeromap\lib\proj-7.1.1\build_vs14_x64\src\x64\release\initcache.obj
c:\aeromap\lib\proj-7.1.1\build_vs14_x64\src\x64\release\internal.cpp.obj
c:\aeromap\lib\proj-7.1.1\build_vs14_x64\src\x64\release\inv.obj
c:\aeromap\lib\proj-7.1.1\build_vs14_x64\src\x64\release\io.obj
c:\aeromap\lib\proj-7.1.1\build_vs14_x64\src\x64\release\isea.obj
c:\aeromap\lib\proj-7.1.1\build_vs14_x64\src\x64\release\krovak.obj
c:\aeromap\lib\proj-7.1.1\build_vs14_x64\src\x64\release\labrd.obj
c:\aeromap\lib\proj-7.1.1\build_vs14_x64\src\x64\release\laea.obj
c:\aeromap\lib\proj-7.1.1\build_vs14_x64\src\x64\release\lagrng.obj
c:\aeromap\lib\proj-7.1.1\build_vs14_x64\src\x64\release\larr.obj
c:\aeromap\lib\proj-7.1.1\build_vs14_x64\src\x64\release\lask.obj
c:\aeromap\lib\proj-7.1.1\build_vs14_x64\src\x64\release\latlong.obj
c:\aeromap\lib\proj-7.1.1\build_vs14_x64\src\x64\release\lcc.obj
c:\aeromap\lib\proj-7.1.1\build_vs14_x64\src\x64\release\lcca.obj
c:\aeromap\lib\proj-7.1.1\build_vs14_x64\src\x64\release\list.obj
c:\aeromap\lib\proj-7.1.1\build_vs14_x64\src\x64\release\log.obj
c:\aeromap\lib\proj-7.1.1\build_vs14_x64\src\x64\release\loxim.obj
c:\aeromap\lib\proj-7.1.1\build_vs14_x64\src\x64\release\lsat.obj
c:\aeromap\lib\proj-7.1.1\build_vs14_x64\src\x64\release\malloc.obj
c:\aeromap\lib\proj-7.1.1\build_vs14_x64\src\x64\release\mbtfpp.obj
c:\aeromap\lib\proj-7.1.1\build_vs14_x64\src\x64\release\mbtfpq.obj
c:\aeromap\lib\proj-7.1.1\build_vs14_x64\src\x64\release\mbt_fps.obj
c:\aeromap\lib\proj-7.1.1\build_vs14_x64\src\x64\release\merc.obj
c:\aeromap\lib\proj-7.1.1\build_vs14_x64\src\x64\release\metadata.obj
c:\aeromap\lib\proj-7.1.1\build_vs14_x64\src\x64\release\mill.obj
c:\aeromap\lib\proj-7.1.1\build_vs14_x64\src\x64\release\misrsom.obj
c:\aeromap\lib\proj-7.1.1\build_vs14_x64\src\x64\release\mlfn.obj
c:\aeromap\lib\proj-7.1.1\build_vs14_x64\src\x64\release\mod_ster.obj
c:\aeromap\lib\proj-7.1.1\build_vs14_x64\src\x64\release\moll.obj
c:\aeromap\lib\proj-7.1.1\build_vs14_x64\src\x64\release\molodensky.obj
c:\aeromap\lib\proj-7.1.1\build_vs14_x64\src\x64\release\msfn.obj
c:\aeromap\lib\proj-7.1.1\build_vs14_x64\src\x64\release\mutex.obj
c:\aeromap\lib\proj-7.1.1\build_vs14_x64\src\x64\release\natearth.obj
c:\aeromap\lib\proj-7.1.1\build_vs14_x64\src\x64\release\natearth2.obj
c:\aeromap\lib\proj-7.1.1\build_vs14_x64\src\x64\release\nell.obj
c:\aeromap\lib\proj-7.1.1\build_vs14_x64\src\x64\release\nell_h.obj
c:\aeromap\lib\proj-7.1.1\build_vs14_x64\src\x64\release\networkfilemanager.obj
c:\aeromap\lib\proj-7.1.1\build_vs14_x64\src\x64\release\nicol.obj
c:\aeromap\lib\proj-7.1.1\build_vs14_x64\src\x64\release\noop.obj
c:\aeromap\lib\proj-7.1.1\build_vs14_x64\src\x64\release\nsper.obj
c:\aeromap\lib\proj-7.1.1\build_vs14_x64\src\x64\release\nzmg.obj
c:\aeromap\lib\proj-7.1.1\build_vs14_x64\src\x64\release\ob_tran.obj
c:\aeromap\lib\proj-7.1.1\build_vs14_x64\src\x64\release\ocea.obj
c:\aeromap\lib\proj-7.1.1\build_vs14_x64\src\x64\release\oea.obj
c:\aeromap\lib\proj-7.1.1\build_vs14_x64\src\x64\release\omerc.obj
c:\aeromap\lib\proj-7.1.1\build_vs14_x64\src\x64\release\ortho.obj
c:\aeromap\lib\proj-7.1.1\build_vs14_x64\src\x64\release\param.obj
c:\aeromap\lib\proj-7.1.1\build_vs14_x64\src\x64\release\patterson.obj
c:\aeromap\lib\proj-7.1.1\build_vs14_x64\src\x64\release\phi2.obj
c:\aeromap\lib\proj-7.1.1\build_vs14_x64\src\x64\release\pipeline.obj
c:\aeromap\lib\proj-7.1.1\build_vs14_x64\src\x64\release\poly.obj
c:\aeromap\lib\proj-7.1.1\build_vs14_x64\src\x64\release\proj_json_streaming_writer.obj
c:\aeromap\lib\proj-7.1.1\build_vs14_x64\src\x64\release\proj_mdist.obj
c:\aeromap\lib\proj-7.1.1\build_vs14_x64\src\x64\release\pr_list.obj
c:\aeromap\lib\proj-7.1.1\build_vs14_x64\src\x64\release\putp2.obj
c:\aeromap\lib\proj-7.1.1\build_vs14_x64\src\x64\release\putp3.obj
c:\aeromap\lib\proj-7.1.1\build_vs14_x64\src\x64\release\putp4p.obj
c:\aeromap\lib\proj-7.1.1\build_vs14_x64\src\x64\release\putp5.obj
c:\aeromap\lib\proj-7.1.1\build_vs14_x64\src\x64\release\putp6.obj
c:\aeromap\lib\proj-7.1.1\build_vs14_x64\src\x64\release\qsc.obj
c:\aeromap\lib\proj-7.1.1\build_vs14_x64\src\x64\release\qsfn.obj
c:\aeromap\lib\proj-7.1.1\build_vs14_x64\src\x64\release\release.obj
c:\aeromap\lib\proj-7.1.1\build_vs14_x64\src\x64\release\robin.obj
c:\aeromap\lib\proj-7.1.1\build_vs14_x64\src\x64\release\rouss.obj
c:\aeromap\lib\proj-7.1.1\build_vs14_x64\src\x64\release\rpoly.obj
c:\aeromap\lib\proj-7.1.1\build_vs14_x64\src\x64\release\rtodms.obj
c:\aeromap\lib\proj-7.1.1\build_vs14_x64\src\x64\release\sch.obj
c:\aeromap\lib\proj-7.1.1\build_vs14_x64\src\x64\release\sconics.obj
c:\aeromap\lib\proj-7.1.1\build_vs14_x64\src\x64\release\set.obj
c:\aeromap\lib\proj-7.1.1\build_vs14_x64\src\x64\release\somerc.obj
c:\aeromap\lib\proj-7.1.1\build_vs14_x64\src\x64\release\sqlite3_utils.obj
c:\aeromap\lib\proj-7.1.1\build_vs14_x64\src\x64\release\static.obj
c:\aeromap\lib\proj-7.1.1\build_vs14_x64\src\x64\release\stere.obj
c:\aeromap\lib\proj-7.1.1\build_vs14_x64\src\x64\release\sterea.obj
c:\aeromap\lib\proj-7.1.1\build_vs14_x64\src\x64\release\strerrno.obj
c:\aeromap\lib\proj-7.1.1\build_vs14_x64\src\x64\release\strtod.obj
c:\aeromap\lib\proj-7.1.1\build_vs14_x64\src\x64\release\sts.obj
c:\aeromap\lib\proj-7.1.1\build_vs14_x64\src\x64\release\tcc.obj
c:\aeromap\lib\proj-7.1.1\build_vs14_x64\src\x64\release\tcea.obj
c:\aeromap\lib\proj-7.1.1\build_vs14_x64\src\x64\release\times.obj
c:\aeromap\lib\proj-7.1.1\build_vs14_x64\src\x64\release\tmerc.obj
c:\aeromap\lib\proj-7.1.1\build_vs14_x64\src\x64\release\tobmerc.obj
c:\aeromap\lib\proj-7.1.1\build_vs14_x64\src\x64\release\tpeqd.obj
c:\aeromap\lib\proj-7.1.1\build_vs14_x64\src\x64\release\tracing.obj
c:\aeromap\lib\proj-7.1.1\build_vs14_x64\src\x64\release\transform.obj
c:\aeromap\lib\proj-7.1.1\build_vs14_x64\src\x64\release\tsfn.obj
c:\aeromap\lib\proj-7.1.1\build_vs14_x64\src\x64\release\unitconvert.obj
c:\aeromap\lib\proj-7.1.1\build_vs14_x64\src\x64\release\units.obj
c:\aeromap\lib\proj-7.1.1\build_vs14_x64\src\x64\release\urm5.obj
c:\aeromap\lib\proj-7.1.1\build_vs14_x64\src\x64\release\urmfps.obj
c:\aeromap\lib\proj-7.1.1\build_vs14_x64\src\x64\release\util.obj
c:\aeromap\lib\proj-7.1.1\build_vs14_x64\src\x64\release\utils.obj
c:\aeromap\lib\proj-7.1.1\build_vs14_x64\src\x64\release\vandg.obj
c:\aeromap\lib\proj-7.1.1\build_vs14_x64\src\x64\release\vandg2.obj
c:\aeromap\lib\proj-7.1.1\build_vs14_x64\src\x64\release\vandg4.obj
c:\aeromap\lib\proj-7.1.1\build_vs14_x64\src\x64\release\vgridshift.obj
c:\aeromap\lib\proj-7.1.1\build_vs14_x64\src\x64\release\wag2.obj
c:\aeromap\lib\proj-7.1.1\build_vs14_x64\src\x64\release\wag3.obj
c:\aeromap\lib\proj-7.1.1\build_vs14_x64\src\x64\release\wag7.obj
c:\aeromap\lib\proj-7.1.1\build_vs14_x64\src\x64\release\wink1.obj
c:\aeromap\lib\proj-7.1.1\build_vs14_x64\src\x64\release\wink2.obj
c:\aeromap\lib\proj-7.1.1\build_vs14_x64\src\x64\release\wkt1_generated_parser.obj
c:\aeromap\lib\proj-7.1.1\build_vs14_x64\src\x64\release\wkt1_parser.obj
c:\aeromap\lib\proj-7.1.1\build_vs14_x64\src\x64\release\wkt2_generated_parser.obj
c:\aeromap\lib\proj-7.1.1\build_vs14_x64\src\x64\release\wkt2_parser.obj
c:\aeromap\lib\proj-7.1.1\build_vs14_x64\src\x64\release\wkt_parser.obj
c:\aeromap\lib\proj-7.1.1\build_vs14_x64\src\x64\release\xyzgridshift.obj
c:\aeromap\lib\proj-7.1.1\build_vs14_x64\src\x64\release\zpoly1.obj
c:\aeromap\lib\proj-7.1.1\build_vs14_x64\src\x64\release\proj.lib
c:\aeromap\lib\proj-7.1.1\build_vs14_x64\src\x64\release\proj.tlog\cl.command.1.tlog
c:\aeromap\lib\proj-7.1.1\build_vs14_x64\src\x64\release\proj.tlog\cl.read.1.tlog
c:\aeromap\lib\proj-7.1.1\build_vs14_x64\src\x64\release\proj.tlog\cl.write.1.tlog
c:\aeromap\lib\proj-7.1.1\build_vs14_x64\src\x64\release\proj.tlog\lib-link.read.1.tlog
c:\aeromap\lib\proj-7.1.1\build_vs14_x64\src\x64\release\proj.tlog\lib-link.write.1.tlog
c:\aeromap\lib\proj-7.1.1\build_vs14_x64\src\x64\release\proj.tlog\lib.command.1.tlog
