c:\devlib\zlib\x64\release\zlib.pdb
c:\devlib\zlib\x64\release\zutil.obj
c:\devlib\zlib\x64\release\uncompr.obj
c:\devlib\zlib\x64\release\trees.obj
c:\devlib\zlib\x64\release\infutil.obj
c:\devlib\zlib\x64\release\inftrees.obj
c:\devlib\zlib\x64\release\inflate.obj
c:\devlib\zlib\x64\release\inffast.obj
c:\devlib\zlib\x64\release\infcodes.obj
c:\devlib\zlib\x64\release\infblock.obj
c:\devlib\zlib\x64\release\gzio.obj
c:\devlib\zlib\x64\release\deflate.obj
c:\devlib\zlib\x64\release\crc32.obj
c:\devlib\zlib\x64\release\compress.obj
c:\devlib\zlib\x64\release\adler32.obj
c:\devlib\zlib\x64\release\zlib.lib
c:\aeromap\lib\zlib\x64\release\adler32.obj
c:\aeromap\lib\zlib\x64\release\compress.obj
c:\aeromap\lib\zlib\x64\release\crc32.obj
c:\aeromap\lib\zlib\x64\release\deflate.obj
c:\aeromap\lib\zlib\x64\release\gzio.obj
c:\aeromap\lib\zlib\x64\release\infblock.obj
c:\aeromap\lib\zlib\x64\release\infcodes.obj
c:\aeromap\lib\zlib\x64\release\inffast.obj
c:\aeromap\lib\zlib\x64\release\inflate.obj
c:\aeromap\lib\zlib\x64\release\inftrees.obj
c:\aeromap\lib\zlib\x64\release\infutil.obj
c:\aeromap\lib\zlib\x64\release\trees.obj
c:\aeromap\lib\zlib\x64\release\uncompr.obj
c:\aeromap\lib\zlib\x64\release\zutil.obj
c:\aeromap\lib\zlib\x64\release\zlib.pdb
c:\aeromap\lib\zlib\\x64\release\zlib.pdb
c:\aeromap\lib\zlib\x64\release\zlib.lib
c:\aeromap\lib\zlib\x64\release\zlib.tlog\cl.command.1.tlog
c:\aeromap\lib\zlib\x64\release\zlib.tlog\cl.read.1.tlog
c:\aeromap\lib\zlib\x64\release\zlib.tlog\cl.write.1.tlog
c:\aeromap\lib\zlib\x64\release\zlib.tlog\lib-link.read.1.tlog
c:\aeromap\lib\zlib\x64\release\zlib.tlog\lib-link.write.1.tlog
c:\aeromap\lib\zlib\x64\release\zlib.tlog\lib.command.1.tlog
