c:\aeromap\aeromap\x64\debug\aeromap.lib
c:\aeromap\aeromap\x64\debug\aeromap.exp
c:\aeromap\aeromap\x64\debug\vc142.pdb
c:\aeromap\aeromap\x64\debug\textfile.obj
c:\aeromap\aeromap\x64\debug\svgfile.obj
c:\aeromap\aeromap\x64\debug\sphere.obj
c:\aeromap\aeromap\x64\debug\shadergl.obj
c:\aeromap\aeromap\x64\debug\primitive.obj
c:\aeromap\aeromap\x64\debug\pngfile.obj
c:\aeromap\aeromap\x64\debug\model_x.obj
c:\aeromap\aeromap\x64\debug\model_obj.obj
c:\aeromap\aeromap\x64\debug\model_ac.obj
c:\aeromap\aeromap\x64\debug\model_3ds.obj
c:\aeromap\aeromap\x64\debug\model.obj
c:\aeromap\aeromap\x64\debug\material.obj
c:\aeromap\aeromap\x64\debug\light.obj
c:\aeromap\aeromap\x64\debug\jpegfile.obj
c:\aeromap\aeromap\x64\debug\imagefile.obj
c:\aeromap\aeromap\x64\debug\glmanager.obj
c:\aeromap\aeromap\x64\debug\exif.obj
c:\aeromap\aeromap\x64\debug\camera.obj
c:\aeromap\aeromap\x64\debug\calc.obj
c:\aeromap\aeromap\x64\debug\bmpfile.obj
c:\aeromap\aeromap\x64\debug\moc_project.obj
c:\aeromap\aeromap\x64\debug\moc_profilewindow.obj
c:\aeromap\aeromap\x64\debug\moc_aeromap.obj
c:\aeromap\aeromap\x64\debug\moc_mainwindow.obj
c:\aeromap\aeromap\x64\debug\moc_lidarwindow.obj
c:\aeromap\aeromap\x64\debug\moc_lidarmodeldlg.obj
c:\aeromap\aeromap\x64\debug\moc_lidarmodel.obj
c:\aeromap\aeromap\x64\debug\moc_imageproc.obj
c:\aeromap\aeromap\x64\debug\moc_elevationdlg.obj
c:\aeromap\aeromap\x64\debug\moc_dronewindow.obj
c:\aeromap\aeromap\x64\debug\moc_droneprocdlg.obj
c:\aeromap\aeromap\x64\debug\moc_droneproc.obj
c:\aeromap\aeromap\x64\debug\moc_aboutdlg.obj
c:\aeromap\aeromap\x64\debug\cropper.obj
c:\aeromap\aeromap\x64\debug\contourdlg.obj
c:\aeromap\aeromap\x64\debug\aerolib.obj
c:\aeromap\aeromap\x64\debug\aboutdlg.obj
c:\aeromap\aeromap\x64\debug\vertexbuffergl.obj
c:\aeromap\aeromap\x64\debug\tinyxml2.obj
c:\aeromap\aeromap\x64\debug\texturegl.obj
c:\aeromap\aeromap\x64\debug\shaderlib.obj
c:\aeromap\aeromap\x64\debug\reconstruction.obj
c:\aeromap\aeromap\x64\debug\rasterfile.obj
c:\aeromap\aeromap\x64\debug\project.obj
c:\aeromap\aeromap\x64\debug\profilewindow.obj
c:\aeromap\aeromap\x64\debug\pointcloud.obj
c:\aeromap\aeromap\x64\debug\photo.obj
c:\aeromap\aeromap\x64\debug\mesh.obj
c:\aeromap\aeromap\x64\debug\lidarwindow.obj
c:\aeromap\aeromap\x64\debug\lidarmodeldlg.obj
c:\aeromap\aeromap\x64\debug\lidarmodel.obj
c:\aeromap\aeromap\x64\debug\lasfile.obj
c:\aeromap\aeromap\x64\debug\imageproc.obj
c:\aeromap\aeromap\x64\debug\gsd.obj
c:\aeromap\aeromap\x64\debug\gis.obj
c:\aeromap\aeromap\x64\debug\elevationdlg.obj
c:\aeromap\aeromap\x64\debug\dronewindow.obj
c:\aeromap\aeromap\x64\debug\droneprocdlg.obj
c:\aeromap\aeromap\x64\debug\droneproc.obj
c:\aeromap\aeromap\x64\debug\dem.obj
c:\aeromap\aeromap\x64\debug\aeromap.obj
c:\aeromap\aeromap\x64\debug\main.obj
c:\aeromap\aeromap\x64\debug\marklib.obj
c:\aeromap\aeromap\x64\debug\mainwindow.obj
c:\aeromap\aeromap\x64\debug\lightwindow.obj
c:\aeromap\aeromap\x64\debug\logger.obj
c:\aeromap\aeromap\x64\debug\moc_outputwindow.obj
c:\aeromap\aeromap\x64\debug\moc_configdlg.obj
c:\aeromap\aeromap\x64\debug\configdlg.obj
c:\aeromap\aeromap\x64\debug\moc_propwindow.obj
c:\aeromap\aeromap\x64\debug\moc_metadatadlg.obj
c:\aeromap\aeromap\x64\debug\moc_tool.obj
c:\aeromap\aeromap\x64\debug\moc_scalecolorwidget.obj
c:\aeromap\aeromap\x64\debug\moc_scalecolordlg.obj
c:\aeromap\aeromap\x64\debug\moc_projectwindow.obj
c:\aeromap\aeromap\x64\debug\moc_lightwindow.obj
c:\aeromap\aeromap\x64\debug\moc_contourdlg.obj
c:\aeromap\aeromap\x64\debug\skybox.obj
c:\aeromap\aeromap\x64\debug\shots.obj
c:\aeromap\aeromap\x64\debug\shapefile.obj
c:\aeromap\aeromap\x64\debug\outputwindow.obj
c:\aeromap\aeromap\x64\debug\tool.obj
c:\aeromap\aeromap\x64\debug\thermal.obj
c:\aeromap\aeromap\x64\debug\stagetexture.obj
c:\aeromap\aeromap\x64\debug\stagesfm.obj
c:\aeromap\aeromap\x64\debug\stagereport.obj
c:\aeromap\aeromap\x64\debug\stageortho.obj
c:\aeromap\aeromap\x64\debug\stagemvs.obj
c:\aeromap\aeromap\x64\debug\stagemesh.obj
c:\aeromap\aeromap\x64\debug\stagegeoref.obj
c:\aeromap\aeromap\x64\debug\stagefilter.obj
c:\aeromap\aeromap\x64\debug\stagedem.obj
c:\aeromap\aeromap\x64\debug\stagedataset.obj
c:\aeromap\aeromap\x64\debug\stage.obj
c:\aeromap\aeromap\x64\debug\scalecolorwidget.obj
c:\aeromap\aeromap\x64\debug\scalecolordlg.obj
c:\aeromap\aeromap\x64\debug\scalecolor.obj
c:\aeromap\aeromap\x64\debug\propwindow.obj
c:\aeromap\aeromap\x64\debug\projectwindow.obj
c:\aeromap\aeromap\x64\debug\metadatadlg.obj
c:\aeromap\aeromap\x64\debug\qrc_aeromap.obj
c:\aeromap\aeromap\debug\moc_dronewindow.cpp
c:\aeromap\aeromap\debug\moc_droneprocdlg.cpp
c:\aeromap\aeromap\debug\moc_imageproc.cpp
c:\aeromap\aeromap\debug\moc_lidarmodel.cpp
c:\aeromap\aeromap\debug\moc_lidarmodeldlg.cpp
c:\aeromap\aeromap\debug\moc_lidarwindow.cpp
c:\aeromap\aeromap\debug\moc_contourdlg.cpp
c:\aeromap\aeromap\debug\moc_elevationdlg.cpp
c:\aeromap\aeromap\debug\moc_aboutdlg.cpp
c:\aeromap\aeromap\debug\moc_project.cpp
c:\aeromap\aeromap\debug\moc_profilewindow.cpp
c:\aeromap\aeromap\debug\moc_tool.cpp
c:\aeromap\aeromap\debug\moc_lightwindow.cpp
c:\aeromap\aeromap\debug\moc_droneproc.cpp
c:\aeromap\aeromap\debug\moc_projectwindow.cpp
c:\aeromap\aeromap\debug\moc_aeromap.cpp
c:\aeromap\aeromap\debug\moc_scalecolordlg.cpp
c:\aeromap\aeromap\debug\moc_scalecolorwidget.cpp
c:\aeromap\aeromap\debug\moc_metadatadlg.cpp
c:\aeromap\aeromap\debug\moc_propwindow.cpp
c:\aeromap\aeromap\debug\moc_outputwindow.cpp
c:\aeromap\aeromap\debug\moc_configdlg.cpp
c:\aeromap\aeromap\debug\moc_mainwindow.cpp
c:\aeromap\aeromap\generatedfiles\ui_config.h
c:\aeromap\aeromap\generatedfiles\ui_prop.h
c:\aeromap\aeromap\generatedfiles\ui_metadata.h
c:\aeromap\aeromap\generatedfiles\qrc_aeromap.cpp
c:\aeromap\aeromap\generatedfiles\ui_scalecolor.h
c:\aeromap\aeromap\generatedfiles\ui_contour.h
c:\aeromap\aeromap\generatedfiles\ui_light.h
c:\aeromap\aeromap\generatedfiles\ui_elevation.h
c:\aeromap\aeromap\generatedfiles\ui_about.h
c:\aeromap\aeromap\generatedfiles\ui_lidar_model.h
c:\aeromap\aeromap\generatedfiles\ui_drone_proc.h
c:\aeromap\aeromap\x64\debug\aeromap.exe
c:\aeromap\aeromap\x64\debug\aeromap.ilk
c:\aeromap\aeromap\x64\debug\aeromap.pdb
c:\aeromap\aeromap\x64\debug\aeromap.res
c:\aeromap\aeromap\\x64\debug\aeromap.pdb
c:\aeromap\aeromap\\x64\debug\aeromap.ilk
c:\aeromap\aeromap\x64\debug\aeromap.tlog\aeromap.write.1u.tlog
c:\aeromap\aeromap\x64\debug\aeromap.tlog\cl.command.1.tlog
c:\aeromap\aeromap\x64\debug\aeromap.tlog\cl.read.1.tlog
c:\aeromap\aeromap\x64\debug\aeromap.tlog\cl.write.1.tlog
c:\aeromap\aeromap\x64\debug\aeromap.tlog\custombuild.command.1.tlog
c:\aeromap\aeromap\x64\debug\aeromap.tlog\custombuild.read.1.tlog
c:\aeromap\aeromap\x64\debug\aeromap.tlog\custombuild.write.1.tlog
c:\aeromap\aeromap\x64\debug\aeromap.tlog\link.command.1.tlog
c:\aeromap\aeromap\x64\debug\aeromap.tlog\link.read.1.tlog
c:\aeromap\aeromap\x64\debug\aeromap.tlog\link.write.1.tlog
c:\aeromap\aeromap\x64\debug\aeromap.tlog\rc.command.1.tlog
c:\aeromap\aeromap\x64\debug\aeromap.tlog\rc.read.1.tlog
c:\aeromap\aeromap\x64\debug\aeromap.tlog\rc.write.1.tlog
