c:\devlib\libpng-1.6.20\x64\release\libpng.bsc
c:\devlib\libpng-1.6.20\x64\release\libpng.pdb
c:\devlib\libpng-1.6.20\x64\release\png.sbr
c:\devlib\libpng-1.6.20\x64\release\pngerror.sbr
c:\devlib\libpng-1.6.20\x64\release\pngget.sbr
c:\devlib\libpng-1.6.20\x64\release\pngmem.sbr
c:\devlib\libpng-1.6.20\x64\release\pngpread.sbr
c:\devlib\libpng-1.6.20\x64\release\pngread.sbr
c:\devlib\libpng-1.6.20\x64\release\pngrio.sbr
c:\devlib\libpng-1.6.20\x64\release\pngrtran.sbr
c:\devlib\libpng-1.6.20\x64\release\pngrutil.sbr
c:\devlib\libpng-1.6.20\x64\release\pngset.sbr
c:\devlib\libpng-1.6.20\x64\release\pngtrans.sbr
c:\devlib\libpng-1.6.20\x64\release\pngwio.sbr
c:\devlib\libpng-1.6.20\x64\release\pngwrite.sbr
c:\devlib\libpng-1.6.20\x64\release\pngwtran.sbr
c:\devlib\libpng-1.6.20\x64\release\pngwutil.sbr
c:\devlib\libpng-1.6.20\x64\release\pngwutil.obj
c:\devlib\libpng-1.6.20\x64\release\pngwtran.obj
c:\devlib\libpng-1.6.20\x64\release\pngwrite.obj
c:\devlib\libpng-1.6.20\x64\release\pngwio.obj
c:\devlib\libpng-1.6.20\x64\release\pngtrans.obj
c:\devlib\libpng-1.6.20\x64\release\pngset.obj
c:\devlib\libpng-1.6.20\x64\release\pngrutil.obj
c:\devlib\libpng-1.6.20\x64\release\pngrtran.obj
c:\devlib\libpng-1.6.20\x64\release\pngrio.obj
c:\devlib\libpng-1.6.20\x64\release\pngread.obj
c:\devlib\libpng-1.6.20\x64\release\pngpread.obj
c:\devlib\libpng-1.6.20\x64\release\pngmem.obj
c:\devlib\libpng-1.6.20\x64\release\pngget.obj
c:\devlib\libpng-1.6.20\x64\release\pngerror.obj
c:\devlib\libpng-1.6.20\x64\release\png.obj
c:\devlib\libpng-1.6.20\x64\release\libpng.lib
c:\devlib\libpng-1.6.20\x64\release\pngwin.res
c:\aeromap\lib\libpng-1.6.20\x64\release\png.obj
c:\aeromap\lib\libpng-1.6.20\x64\release\pngerror.obj
c:\aeromap\lib\libpng-1.6.20\x64\release\pngget.obj
c:\aeromap\lib\libpng-1.6.20\x64\release\pngmem.obj
c:\aeromap\lib\libpng-1.6.20\x64\release\pngpread.obj
c:\aeromap\lib\libpng-1.6.20\x64\release\pngread.obj
c:\aeromap\lib\libpng-1.6.20\x64\release\pngrio.obj
c:\aeromap\lib\libpng-1.6.20\x64\release\pngrtran.obj
c:\aeromap\lib\libpng-1.6.20\x64\release\pngrutil.obj
c:\aeromap\lib\libpng-1.6.20\x64\release\pngset.obj
c:\aeromap\lib\libpng-1.6.20\x64\release\pngtrans.obj
c:\aeromap\lib\libpng-1.6.20\x64\release\pngwio.obj
c:\aeromap\lib\libpng-1.6.20\x64\release\pngwrite.obj
c:\aeromap\lib\libpng-1.6.20\x64\release\pngwtran.obj
c:\aeromap\lib\libpng-1.6.20\x64\release\pngwutil.obj
c:\aeromap\lib\libpng-1.6.20\x64\release\pngwin.res
c:\aeromap\lib\libpng-1.6.20\x64\release\libpng.pdb
c:\aeromap\lib\libpng-1.6.20\x64\release\libpng.bsc
c:\aeromap\lib\libpng-1.6.20\x64\release\png.sbr
c:\aeromap\lib\libpng-1.6.20\x64\release\pngerror.sbr
c:\aeromap\lib\libpng-1.6.20\x64\release\pngget.sbr
c:\aeromap\lib\libpng-1.6.20\x64\release\pngmem.sbr
c:\aeromap\lib\libpng-1.6.20\x64\release\pngpread.sbr
c:\aeromap\lib\libpng-1.6.20\x64\release\pngread.sbr
c:\aeromap\lib\libpng-1.6.20\x64\release\pngrio.sbr
c:\aeromap\lib\libpng-1.6.20\x64\release\pngrtran.sbr
c:\aeromap\lib\libpng-1.6.20\x64\release\pngrutil.sbr
c:\aeromap\lib\libpng-1.6.20\x64\release\pngset.sbr
c:\aeromap\lib\libpng-1.6.20\x64\release\pngtrans.sbr
c:\aeromap\lib\libpng-1.6.20\x64\release\pngwio.sbr
c:\aeromap\lib\libpng-1.6.20\x64\release\pngwrite.sbr
c:\aeromap\lib\libpng-1.6.20\x64\release\pngwtran.sbr
c:\aeromap\lib\libpng-1.6.20\x64\release\pngwutil.sbr
c:\aeromap\lib\libpng-1.6.20\x64\release\libpng.lib
c:\aeromap\lib\libpng-1.6.20\x64\release\libpng.tlog\bscmake.command.1.tlog
c:\aeromap\lib\libpng-1.6.20\x64\release\libpng.tlog\bscmake.read.1.tlog
c:\aeromap\lib\libpng-1.6.20\x64\release\libpng.tlog\bscmake.write.1.tlog
c:\aeromap\lib\libpng-1.6.20\x64\release\libpng.tlog\cl.command.1.tlog
c:\aeromap\lib\libpng-1.6.20\x64\release\libpng.tlog\cl.read.1.tlog
c:\aeromap\lib\libpng-1.6.20\x64\release\libpng.tlog\cl.write.1.tlog
c:\aeromap\lib\libpng-1.6.20\x64\release\libpng.tlog\lib-link-cvtres.read.1.tlog
c:\aeromap\lib\libpng-1.6.20\x64\release\libpng.tlog\lib-link-cvtres.write.1.tlog
c:\aeromap\lib\libpng-1.6.20\x64\release\libpng.tlog\lib.command.1.tlog
c:\aeromap\lib\libpng-1.6.20\x64\release\libpng.tlog\rc.command.1.tlog
c:\aeromap\lib\libpng-1.6.20\x64\release\libpng.tlog\rc.read.1.tlog
c:\aeromap\lib\libpng-1.6.20\x64\release\libpng.tlog\rc.write.1.tlog
